[2023-04-27T10:15:13.902+0000] {taskinstance.py:1090} INFO - Dependencies all met for dep_context=non-requeueable deps ti=<TaskInstance: tutorial.templated manual__2023-04-27T10:15:11.319347+00:00 [queued]>
[2023-04-27T10:15:13.913+0000] {taskinstance.py:1090} INFO - Dependencies all met for dep_context=requeueable deps ti=<TaskInstance: tutorial.templated manual__2023-04-27T10:15:11.319347+00:00 [queued]>
[2023-04-27T10:15:13.913+0000] {taskinstance.py:1288} INFO - 
--------------------------------------------------------------------------------
[2023-04-27T10:15:13.913+0000] {taskinstance.py:1289} INFO - Starting attempt 1 of 2
[2023-04-27T10:15:13.913+0000] {taskinstance.py:1290} INFO - 
--------------------------------------------------------------------------------
[2023-04-27T10:15:13.927+0000] {taskinstance.py:1309} INFO - Executing <Task(BashOperator): templated> on 2023-04-27 10:15:11.319347+00:00
[2023-04-27T10:15:13.933+0000] {standard_task_runner.py:55} INFO - Started process 1535 to run task
[2023-04-27T10:15:13.936+0000] {standard_task_runner.py:82} INFO - Running: ['***', 'tasks', 'run', 'tutorial', 'templated', 'manual__2023-04-27T10:15:11.319347+00:00', '--job-id', '8', '--raw', '--subdir', 'DAGS_FOLDER/tutorial.py', '--cfg-path', '/tmp/tmpfrq2itck']
[2023-04-27T10:15:13.937+0000] {standard_task_runner.py:83} INFO - Job 8: Subtask templated
[2023-04-27T10:15:13.985+0000] {task_command.py:389} INFO - Running <TaskInstance: tutorial.templated manual__2023-04-27T10:15:11.319347+00:00 [running]> on host 9e6433510ba5
[2023-04-27T10:15:14.046+0000] {taskinstance.py:1518} INFO - Exporting the following env vars:
AIRFLOW_CTX_DAG_EMAIL=***@example.com
AIRFLOW_CTX_DAG_OWNER=***
AIRFLOW_CTX_DAG_ID=tutorial
AIRFLOW_CTX_TASK_ID=templated
AIRFLOW_CTX_EXECUTION_DATE=2023-04-27T10:15:11.319347+00:00
AIRFLOW_CTX_TRY_NUMBER=1
AIRFLOW_CTX_DAG_RUN_ID=manual__2023-04-27T10:15:11.319347+00:00
[2023-04-27T10:15:14.048+0000] {subprocess.py:63} INFO - Tmp dir root location: 
 /tmp
[2023-04-27T10:15:14.048+0000] {subprocess.py:75} INFO - Running command: ['/bin/bash', '-c', '\n\n    echo "2023-04-27"\n    echo "2023-05-04"\n\n    echo "2023-04-27"\n    echo "2023-05-04"\n\n    echo "2023-04-27"\n    echo "2023-05-04"\n\n    echo "2023-04-27"\n    echo "2023-05-04"\n\n    echo "2023-04-27"\n    echo "2023-05-04"\n']
[2023-04-27T10:15:14.057+0000] {subprocess.py:86} INFO - Output:
[2023-04-27T10:15:14.058+0000] {subprocess.py:93} INFO - 2023-04-27
[2023-04-27T10:15:14.058+0000] {subprocess.py:93} INFO - 2023-05-04
[2023-04-27T10:15:14.058+0000] {subprocess.py:93} INFO - 2023-04-27
[2023-04-27T10:15:14.059+0000] {subprocess.py:93} INFO - 2023-05-04
[2023-04-27T10:15:14.059+0000] {subprocess.py:93} INFO - 2023-04-27
[2023-04-27T10:15:14.059+0000] {subprocess.py:93} INFO - 2023-05-04
[2023-04-27T10:15:14.059+0000] {subprocess.py:93} INFO - 2023-04-27
[2023-04-27T10:15:14.059+0000] {subprocess.py:93} INFO - 2023-05-04
[2023-04-27T10:15:14.059+0000] {subprocess.py:93} INFO - 2023-04-27
[2023-04-27T10:15:14.059+0000] {subprocess.py:93} INFO - 2023-05-04
[2023-04-27T10:15:14.059+0000] {subprocess.py:97} INFO - Command exited with return code 0
[2023-04-27T10:15:14.081+0000] {taskinstance.py:1332} INFO - Marking task as SUCCESS. dag_id=tutorial, task_id=templated, execution_date=20230427T101511, start_date=20230427T101513, end_date=20230427T101514
[2023-04-27T10:15:14.108+0000] {local_task_job.py:212} INFO - Task exited with return code 0
[2023-04-27T10:15:14.119+0000] {taskinstance.py:2596} INFO - 0 downstream tasks scheduled from follow-on schedule check
