[2023-04-28T09:39:52.727+0000] {taskinstance.py:1090} INFO - Dependencies all met for dep_context=non-requeueable deps ti=<TaskInstance: youtube.bulk_insert manual__2023-04-28T09:39:50.526454+00:00 [queued]>
[2023-04-28T09:39:52.735+0000] {taskinstance.py:1090} INFO - Dependencies all met for dep_context=requeueable deps ti=<TaskInstance: youtube.bulk_insert manual__2023-04-28T09:39:50.526454+00:00 [queued]>
[2023-04-28T09:39:52.735+0000] {taskinstance.py:1288} INFO - 
--------------------------------------------------------------------------------
[2023-04-28T09:39:52.735+0000] {taskinstance.py:1289} INFO - Starting attempt 1 of 1
[2023-04-28T09:39:52.736+0000] {taskinstance.py:1290} INFO - 
--------------------------------------------------------------------------------
[2023-04-28T09:39:52.748+0000] {taskinstance.py:1309} INFO - Executing <Task(_PythonDecoratedOperator): bulk_insert> on 2023-04-28 09:39:50.526454+00:00
[2023-04-28T09:39:52.753+0000] {standard_task_runner.py:55} INFO - Started process 24541 to run task
[2023-04-28T09:39:52.755+0000] {standard_task_runner.py:82} INFO - Running: ['***', 'tasks', 'run', 'youtube', 'bulk_insert', 'manual__2023-04-28T09:39:50.526454+00:00', '--job-id', '62', '--raw', '--subdir', 'DAGS_FOLDER/youtube.py', '--cfg-path', '/tmp/tmpf4qu8zt7']
[2023-04-28T09:39:52.755+0000] {standard_task_runner.py:83} INFO - Job 62: Subtask bulk_insert
[2023-04-28T09:39:52.815+0000] {task_command.py:389} INFO - Running <TaskInstance: youtube.bulk_insert manual__2023-04-28T09:39:50.526454+00:00 [running]> on host 9e6433510ba5
[2023-04-28T09:39:52.901+0000] {taskinstance.py:1518} INFO - Exporting the following env vars:
AIRFLOW_CTX_DAG_OWNER=***
AIRFLOW_CTX_DAG_ID=youtube
AIRFLOW_CTX_TASK_ID=bulk_insert
AIRFLOW_CTX_EXECUTION_DATE=2023-04-28T09:39:50.526454+00:00
AIRFLOW_CTX_TRY_NUMBER=1
AIRFLOW_CTX_DAG_RUN_ID=manual__2023-04-28T09:39:50.526454+00:00
[2023-04-28T09:39:52.999+0000] {base.py:271} INFO - POST http://172.17.0.1:9200/_bulk [status:200 request:0.095s]
[2023-04-28T09:39:53.000+0000] {logging_mixin.py:137} INFO - {'took': 91, 'errors': False, 'items': [{'create': {'_index': 'test_comments', '_id': 'We47x4cBGt0wKJF5umcR', '_version': 1, 'result': 'created', '_shards': {'total': 2, 'successful': 1, 'failed': 0}, '_seq_no': 0, '_primary_term': 1, 'status': 201}}]}
[2023-04-28T09:39:53.000+0000] {python.py:177} INFO - Done. Returned value was: None
[2023-04-28T09:39:53.010+0000] {taskinstance.py:1332} INFO - Marking task as SUCCESS. dag_id=youtube, task_id=bulk_insert, execution_date=20230428T093950, start_date=20230428T093952, end_date=20230428T093953
[2023-04-28T09:39:53.047+0000] {local_task_job.py:212} INFO - Task exited with return code 0
[2023-04-28T09:39:53.063+0000] {taskinstance.py:2596} INFO - 0 downstream tasks scheduled from follow-on schedule check
