[2023-04-28T09:38:28.227+0000] {taskinstance.py:1090} INFO - Dependencies all met for dep_context=non-requeueable deps ti=<TaskInstance: youtube.bulk_insert manual__2023-04-28T09:38:25.368452+00:00 [queued]>
[2023-04-28T09:38:28.237+0000] {taskinstance.py:1090} INFO - Dependencies all met for dep_context=requeueable deps ti=<TaskInstance: youtube.bulk_insert manual__2023-04-28T09:38:25.368452+00:00 [queued]>
[2023-04-28T09:38:28.237+0000] {taskinstance.py:1288} INFO - 
--------------------------------------------------------------------------------
[2023-04-28T09:38:28.237+0000] {taskinstance.py:1289} INFO - Starting attempt 1 of 1
[2023-04-28T09:38:28.237+0000] {taskinstance.py:1290} INFO - 
--------------------------------------------------------------------------------
[2023-04-28T09:38:28.247+0000] {taskinstance.py:1309} INFO - Executing <Task(_PythonDecoratedOperator): bulk_insert> on 2023-04-28 09:38:25.368452+00:00
[2023-04-28T09:38:28.251+0000] {standard_task_runner.py:55} INFO - Started process 24480 to run task
[2023-04-28T09:38:28.253+0000] {standard_task_runner.py:82} INFO - Running: ['***', 'tasks', 'run', 'youtube', 'bulk_insert', 'manual__2023-04-28T09:38:25.368452+00:00', '--job-id', '58', '--raw', '--subdir', 'DAGS_FOLDER/youtube.py', '--cfg-path', '/tmp/tmpbt__siik']
[2023-04-28T09:38:28.254+0000] {standard_task_runner.py:83} INFO - Job 58: Subtask bulk_insert
[2023-04-28T09:38:28.299+0000] {task_command.py:389} INFO - Running <TaskInstance: youtube.bulk_insert manual__2023-04-28T09:38:25.368452+00:00 [running]> on host 9e6433510ba5
[2023-04-28T09:38:28.354+0000] {taskinstance.py:1518} INFO - Exporting the following env vars:
AIRFLOW_CTX_DAG_OWNER=***
AIRFLOW_CTX_DAG_ID=youtube
AIRFLOW_CTX_TASK_ID=bulk_insert
AIRFLOW_CTX_EXECUTION_DATE=2023-04-28T09:38:25.368452+00:00
AIRFLOW_CTX_TRY_NUMBER=1
AIRFLOW_CTX_DAG_RUN_ID=manual__2023-04-28T09:38:25.368452+00:00
[2023-04-28T09:38:28.356+0000] {logging_mixin.py:137} INFO - <class 'str'>
[2023-04-28T09:38:28.356+0000] {logging_mixin.py:137} INFO - <class 'list'>
[2023-04-28T09:38:28.356+0000] {python.py:177} INFO - Done. Returned value was: None
[2023-04-28T09:38:28.363+0000] {taskinstance.py:1332} INFO - Marking task as SUCCESS. dag_id=youtube, task_id=bulk_insert, execution_date=20230428T093825, start_date=20230428T093828, end_date=20230428T093828
[2023-04-28T09:38:28.385+0000] {local_task_job.py:212} INFO - Task exited with return code 0
[2023-04-28T09:38:28.399+0000] {taskinstance.py:2596} INFO - 0 downstream tasks scheduled from follow-on schedule check
