[2023-04-27T10:15:13.789+0000] {taskinstance.py:1090} INFO - Dependencies all met for dep_context=non-requeueable deps ti=<TaskInstance: tutorial.sleep scheduled__2023-04-26T10:15:02.352638+00:00 [queued]>
[2023-04-27T10:15:13.799+0000] {taskinstance.py:1090} INFO - Dependencies all met for dep_context=requeueable deps ti=<TaskInstance: tutorial.sleep scheduled__2023-04-26T10:15:02.352638+00:00 [queued]>
[2023-04-27T10:15:13.800+0000] {taskinstance.py:1288} INFO - 
--------------------------------------------------------------------------------
[2023-04-27T10:15:13.800+0000] {taskinstance.py:1289} INFO - Starting attempt 1 of 4
[2023-04-27T10:15:13.800+0000] {taskinstance.py:1290} INFO - 
--------------------------------------------------------------------------------
[2023-04-27T10:15:13.813+0000] {taskinstance.py:1309} INFO - Executing <Task(BashOperator): sleep> on 2023-04-26 10:15:02.352638+00:00
[2023-04-27T10:15:13.819+0000] {standard_task_runner.py:55} INFO - Started process 1532 to run task
[2023-04-27T10:15:13.822+0000] {standard_task_runner.py:82} INFO - Running: ['***', 'tasks', 'run', 'tutorial', 'sleep', 'scheduled__2023-04-26T10:15:02.352638+00:00', '--job-id', '6', '--raw', '--subdir', 'DAGS_FOLDER/tutorial.py', '--cfg-path', '/tmp/tmpeuyes4t3']
[2023-04-27T10:15:13.823+0000] {standard_task_runner.py:83} INFO - Job 6: Subtask sleep
[2023-04-27T10:15:13.880+0000] {task_command.py:389} INFO - Running <TaskInstance: tutorial.sleep scheduled__2023-04-26T10:15:02.352638+00:00 [running]> on host 9e6433510ba5
[2023-04-27T10:15:13.942+0000] {taskinstance.py:1518} INFO - Exporting the following env vars:
AIRFLOW_CTX_DAG_EMAIL=***@example.com
AIRFLOW_CTX_DAG_OWNER=***
AIRFLOW_CTX_DAG_ID=tutorial
AIRFLOW_CTX_TASK_ID=sleep
AIRFLOW_CTX_EXECUTION_DATE=2023-04-26T10:15:02.352638+00:00
AIRFLOW_CTX_TRY_NUMBER=1
AIRFLOW_CTX_DAG_RUN_ID=scheduled__2023-04-26T10:15:02.352638+00:00
[2023-04-27T10:15:13.943+0000] {subprocess.py:63} INFO - Tmp dir root location: 
 /tmp
[2023-04-27T10:15:13.944+0000] {subprocess.py:75} INFO - Running command: ['/bin/bash', '-c', 'sleep 5']
[2023-04-27T10:15:13.955+0000] {subprocess.py:86} INFO - Output:
[2023-04-27T10:15:18.958+0000] {subprocess.py:97} INFO - Command exited with return code 0
[2023-04-27T10:15:18.978+0000] {taskinstance.py:1332} INFO - Marking task as SUCCESS. dag_id=tutorial, task_id=sleep, execution_date=20230426T101502, start_date=20230427T101513, end_date=20230427T101518
[2023-04-27T10:15:19.012+0000] {local_task_job.py:212} INFO - Task exited with return code 0
[2023-04-27T10:15:19.023+0000] {taskinstance.py:2596} INFO - 0 downstream tasks scheduled from follow-on schedule check
