[2023-04-27T15:14:59.228+0000] {taskinstance.py:1090} INFO - Dependencies all met for dep_context=non-requeueable deps ti=<TaskInstance: youtube.fetch_comments manual__2023-04-27T15:14:58.079177+00:00 [queued]>
[2023-04-27T15:14:59.235+0000] {taskinstance.py:1090} INFO - Dependencies all met for dep_context=requeueable deps ti=<TaskInstance: youtube.fetch_comments manual__2023-04-27T15:14:58.079177+00:00 [queued]>
[2023-04-27T15:14:59.235+0000] {taskinstance.py:1288} INFO - 
--------------------------------------------------------------------------------
[2023-04-27T15:14:59.235+0000] {taskinstance.py:1289} INFO - Starting attempt 1 of 1
[2023-04-27T15:14:59.235+0000] {taskinstance.py:1290} INFO - 
--------------------------------------------------------------------------------
[2023-04-27T15:14:59.244+0000] {taskinstance.py:1309} INFO - Executing <Task(_PythonDecoratedOperator): fetch_comments> on 2023-04-27 15:14:58.079177+00:00
[2023-04-27T15:14:59.248+0000] {standard_task_runner.py:55} INFO - Started process 4659 to run task
[2023-04-27T15:14:59.250+0000] {standard_task_runner.py:82} INFO - Running: ['***', 'tasks', 'run', 'youtube', 'fetch_comments', 'manual__2023-04-27T15:14:58.079177+00:00', '--job-id', '17', '--raw', '--subdir', 'DAGS_FOLDER/youtube.py', '--cfg-path', '/tmp/tmp_ox6hki7']
[2023-04-27T15:14:59.251+0000] {standard_task_runner.py:83} INFO - Job 17: Subtask fetch_comments
[2023-04-27T15:14:59.297+0000] {task_command.py:389} INFO - Running <TaskInstance: youtube.fetch_comments manual__2023-04-27T15:14:58.079177+00:00 [running]> on host 9e6433510ba5
[2023-04-27T15:14:59.349+0000] {taskinstance.py:1518} INFO - Exporting the following env vars:
AIRFLOW_CTX_DAG_OWNER=***
AIRFLOW_CTX_DAG_ID=youtube
AIRFLOW_CTX_TASK_ID=fetch_comments
AIRFLOW_CTX_EXECUTION_DATE=2023-04-27T15:14:58.079177+00:00
AIRFLOW_CTX_TRY_NUMBER=1
AIRFLOW_CTX_DAG_RUN_ID=manual__2023-04-27T15:14:58.079177+00:00
[2023-04-27T15:14:59.823+0000] {youtube.py:27} INFO - <Response [200]>
[2023-04-27T15:14:59.824+0000] {python.py:177} INFO - Done. Returned value was: order_data_dict
[2023-04-27T15:14:59.845+0000] {taskinstance.py:1332} INFO - Marking task as SUCCESS. dag_id=youtube, task_id=fetch_comments, execution_date=20230427T151458, start_date=20230427T151459, end_date=20230427T151459
[2023-04-27T15:14:59.864+0000] {local_task_job.py:212} INFO - Task exited with return code 0
[2023-04-27T15:14:59.886+0000] {taskinstance.py:2596} INFO - 0 downstream tasks scheduled from follow-on schedule check
