[2023-04-27T14:28:12.672+0000] {taskinstance.py:1090} INFO - Dependencies all met for dep_context=non-requeueable deps ti=<TaskInstance: youtube.fetchComments manual__2023-04-27T14:28:10.936312+00:00 [queued]>
[2023-04-27T14:28:12.679+0000] {taskinstance.py:1090} INFO - Dependencies all met for dep_context=requeueable deps ti=<TaskInstance: youtube.fetchComments manual__2023-04-27T14:28:10.936312+00:00 [queued]>
[2023-04-27T14:28:12.679+0000] {taskinstance.py:1288} INFO - 
--------------------------------------------------------------------------------
[2023-04-27T14:28:12.679+0000] {taskinstance.py:1289} INFO - Starting attempt 1 of 1
[2023-04-27T14:28:12.679+0000] {taskinstance.py:1290} INFO - 
--------------------------------------------------------------------------------
[2023-04-27T14:28:12.692+0000] {taskinstance.py:1309} INFO - Executing <Task(_PythonDecoratedOperator): fetchComments> on 2023-04-27 14:28:10.936312+00:00
[2023-04-27T14:28:12.697+0000] {standard_task_runner.py:55} INFO - Started process 2858 to run task
[2023-04-27T14:28:12.699+0000] {standard_task_runner.py:82} INFO - Running: ['***', 'tasks', 'run', 'youtube', 'fetchComments', 'manual__2023-04-27T14:28:10.936312+00:00', '--job-id', '11', '--raw', '--subdir', 'DAGS_FOLDER/youtube.py', '--cfg-path', '/tmp/tmpcmkwkhvl']
[2023-04-27T14:28:12.700+0000] {standard_task_runner.py:83} INFO - Job 11: Subtask fetchComments
[2023-04-27T14:28:12.745+0000] {task_command.py:389} INFO - Running <TaskInstance: youtube.fetchComments manual__2023-04-27T14:28:10.936312+00:00 [running]> on host 9e6433510ba5
[2023-04-27T14:28:12.890+0000] {taskinstance.py:1518} INFO - Exporting the following env vars:
AIRFLOW_CTX_DAG_OWNER=***
AIRFLOW_CTX_DAG_ID=youtube
AIRFLOW_CTX_TASK_ID=fetchComments
AIRFLOW_CTX_EXECUTION_DATE=2023-04-27T14:28:10.936312+00:00
AIRFLOW_CTX_TRY_NUMBER=1
AIRFLOW_CTX_DAG_RUN_ID=manual__2023-04-27T14:28:10.936312+00:00
[2023-04-27T14:28:12.891+0000] {logging_mixin.py:137} INFO - Import
[2023-04-27T14:28:12.891+0000] {logging_mixin.py:137} INFO - <class '***.providers.google.common.hooks.discovery_api.GoogleDiscoveryApiHook'>
[2023-04-27T14:28:12.891+0000] {python.py:177} INFO - Done. Returned value was: order_data_dict
[2023-04-27T14:28:12.910+0000] {taskinstance.py:1332} INFO - Marking task as SUCCESS. dag_id=youtube, task_id=fetchComments, execution_date=20230427T142810, start_date=20230427T142812, end_date=20230427T142812
[2023-04-27T14:28:12.952+0000] {local_task_job.py:212} INFO - Task exited with return code 0
[2023-04-27T14:28:12.966+0000] {taskinstance.py:2596} INFO - 0 downstream tasks scheduled from follow-on schedule check
