[2023-04-28T09:37:16.219+0000] {taskinstance.py:1090} INFO - Dependencies all met for dep_context=non-requeueable deps ti=<TaskInstance: youtube.fetch_comments manual__2023-04-28T09:37:15.016013+00:00 [queued]>
[2023-04-28T09:37:16.226+0000] {taskinstance.py:1090} INFO - Dependencies all met for dep_context=requeueable deps ti=<TaskInstance: youtube.fetch_comments manual__2023-04-28T09:37:15.016013+00:00 [queued]>
[2023-04-28T09:37:16.226+0000] {taskinstance.py:1288} INFO - 
--------------------------------------------------------------------------------
[2023-04-28T09:37:16.227+0000] {taskinstance.py:1289} INFO - Starting attempt 1 of 1
[2023-04-28T09:37:16.227+0000] {taskinstance.py:1290} INFO - 
--------------------------------------------------------------------------------
[2023-04-28T09:37:16.235+0000] {taskinstance.py:1309} INFO - Executing <Task(_PythonDecoratedOperator): fetch_comments> on 2023-04-28 09:37:15.016013+00:00
[2023-04-28T09:37:16.239+0000] {standard_task_runner.py:55} INFO - Started process 24431 to run task
[2023-04-28T09:37:16.241+0000] {standard_task_runner.py:82} INFO - Running: ['***', 'tasks', 'run', 'youtube', 'fetch_comments', 'manual__2023-04-28T09:37:15.016013+00:00', '--job-id', '55', '--raw', '--subdir', 'DAGS_FOLDER/youtube.py', '--cfg-path', '/tmp/tmpv1i4myxb']
[2023-04-28T09:37:16.241+0000] {standard_task_runner.py:83} INFO - Job 55: Subtask fetch_comments
[2023-04-28T09:37:16.287+0000] {task_command.py:389} INFO - Running <TaskInstance: youtube.fetch_comments manual__2023-04-28T09:37:15.016013+00:00 [running]> on host 9e6433510ba5
[2023-04-28T09:37:16.341+0000] {taskinstance.py:1518} INFO - Exporting the following env vars:
AIRFLOW_CTX_DAG_OWNER=***
AIRFLOW_CTX_DAG_ID=youtube
AIRFLOW_CTX_TASK_ID=fetch_comments
AIRFLOW_CTX_EXECUTION_DATE=2023-04-28T09:37:15.016013+00:00
AIRFLOW_CTX_TRY_NUMBER=1
AIRFLOW_CTX_DAG_RUN_ID=manual__2023-04-28T09:37:15.016013+00:00
[2023-04-28T09:37:16.648+0000] {fetch_comments.py:41} INFO - Fetched 1 comments of video ZOfPPHcAa7E
[2023-04-28T09:37:16.648+0000] {python.py:177} INFO - Done. Returned value was: [{"id": "UgyNPSeSnE20TQ3Nxzx4AaABAg", "videoId": "ZOfPPHcAa7E", "content": "This is the sequel to The Rocketeer that we will never get from Disney, it certainly comes closer to the pulp adventure genre than every other MCU flick. Joe Johnston always had a penchant for films with that old time adventure quality, under a better regime he would have been the go-director for Star Wars and Indiana Jones.", "author_name": "Oscar Stainton", "author_profile_image_url": "https://yt3.ggpht.com/ytc/AGIKgqMKtVXTRL4oamWmReegrtI1kp_gkvuleTgePkizMg=s48-c-k-c0x00ffffff-no-rj", "like_count": 172, "published_at": "2021-10-15T18:22:36Z", "updated_at": "2021-10-15T18:22:36Z"}]
[2023-04-28T09:37:16.669+0000] {taskinstance.py:1332} INFO - Marking task as SUCCESS. dag_id=youtube, task_id=fetch_comments, execution_date=20230428T093715, start_date=20230428T093716, end_date=20230428T093716
[2023-04-28T09:37:16.694+0000] {local_task_job.py:212} INFO - Task exited with return code 0
[2023-04-28T09:37:16.709+0000] {taskinstance.py:2596} INFO - 1 downstream tasks scheduled from follow-on schedule check
