[2023-04-27T14:30:44.909+0000] {taskinstance.py:1090} INFO - Dependencies all met for dep_context=non-requeueable deps ti=<TaskInstance: tutorial_taskflow_api.transform manual__2023-04-27T14:30:42.543357+00:00 [queued]>
[2023-04-27T14:30:44.914+0000] {taskinstance.py:1090} INFO - Dependencies all met for dep_context=requeueable deps ti=<TaskInstance: tutorial_taskflow_api.transform manual__2023-04-27T14:30:42.543357+00:00 [queued]>
[2023-04-27T14:30:44.914+0000] {taskinstance.py:1288} INFO - 
--------------------------------------------------------------------------------
[2023-04-27T14:30:44.914+0000] {taskinstance.py:1289} INFO - Starting attempt 1 of 1
[2023-04-27T14:30:44.914+0000] {taskinstance.py:1290} INFO - 
--------------------------------------------------------------------------------
[2023-04-27T14:30:44.922+0000] {taskinstance.py:1309} INFO - Executing <Task(_PythonDecoratedOperator): transform> on 2023-04-27 14:30:42.543357+00:00
[2023-04-27T14:30:44.926+0000] {standard_task_runner.py:55} INFO - Started process 2963 to run task
[2023-04-27T14:30:44.928+0000] {standard_task_runner.py:82} INFO - Running: ['***', 'tasks', 'run', 'tutorial_taskflow_api', 'transform', 'manual__2023-04-27T14:30:42.543357+00:00', '--job-id', '13', '--raw', '--subdir', '/home/***/.local/lib/python3.7/site-packages/***/example_dags/tutorial_taskflow_api.py', '--cfg-path', '/tmp/tmpog0ahssi']
[2023-04-27T14:30:44.929+0000] {standard_task_runner.py:83} INFO - Job 13: Subtask transform
[2023-04-27T14:30:44.966+0000] {task_command.py:389} INFO - Running <TaskInstance: tutorial_taskflow_api.transform manual__2023-04-27T14:30:42.543357+00:00 [running]> on host 9e6433510ba5
[2023-04-27T14:30:45.014+0000] {taskinstance.py:1518} INFO - Exporting the following env vars:
AIRFLOW_CTX_DAG_OWNER=***
AIRFLOW_CTX_DAG_ID=tutorial_taskflow_api
AIRFLOW_CTX_TASK_ID=transform
AIRFLOW_CTX_EXECUTION_DATE=2023-04-27T14:30:42.543357+00:00
AIRFLOW_CTX_TRY_NUMBER=1
AIRFLOW_CTX_DAG_RUN_ID=manual__2023-04-27T14:30:42.543357+00:00
[2023-04-27T14:30:45.015+0000] {python.py:177} INFO - Done. Returned value was: {'total_order_value': 1236.7}
[2023-04-27T14:30:45.039+0000] {taskinstance.py:1332} INFO - Marking task as SUCCESS. dag_id=tutorial_taskflow_api, task_id=transform, execution_date=20230427T143042, start_date=20230427T143044, end_date=20230427T143045
[2023-04-27T14:30:45.060+0000] {local_task_job.py:212} INFO - Task exited with return code 0
[2023-04-27T14:30:45.076+0000] {taskinstance.py:2596} INFO - 1 downstream tasks scheduled from follow-on schedule check
