[2023-04-27T10:15:12.883+0000] {taskinstance.py:1090} INFO - Dependencies all met for dep_context=non-requeueable deps ti=<TaskInstance: tutorial.print_date manual__2023-04-27T10:15:11.319347+00:00 [queued]>
[2023-04-27T10:15:12.890+0000] {taskinstance.py:1090} INFO - Dependencies all met for dep_context=requeueable deps ti=<TaskInstance: tutorial.print_date manual__2023-04-27T10:15:11.319347+00:00 [queued]>
[2023-04-27T10:15:12.890+0000] {taskinstance.py:1288} INFO - 
--------------------------------------------------------------------------------
[2023-04-27T10:15:12.890+0000] {taskinstance.py:1289} INFO - Starting attempt 1 of 2
[2023-04-27T10:15:12.890+0000] {taskinstance.py:1290} INFO - 
--------------------------------------------------------------------------------
[2023-04-27T10:15:12.902+0000] {taskinstance.py:1309} INFO - Executing <Task(BashOperator): print_date> on 2023-04-27 10:15:11.319347+00:00
[2023-04-27T10:15:12.906+0000] {standard_task_runner.py:55} INFO - Started process 1519 to run task
[2023-04-27T10:15:12.908+0000] {standard_task_runner.py:82} INFO - Running: ['***', 'tasks', 'run', 'tutorial', 'print_date', 'manual__2023-04-27T10:15:11.319347+00:00', '--job-id', '4', '--raw', '--subdir', 'DAGS_FOLDER/tutorial.py', '--cfg-path', '/tmp/tmpfelhbhhk']
[2023-04-27T10:15:12.910+0000] {standard_task_runner.py:83} INFO - Job 4: Subtask print_date
[2023-04-27T10:15:12.956+0000] {task_command.py:389} INFO - Running <TaskInstance: tutorial.print_date manual__2023-04-27T10:15:11.319347+00:00 [running]> on host 9e6433510ba5
[2023-04-27T10:15:13.003+0000] {taskinstance.py:1518} INFO - Exporting the following env vars:
AIRFLOW_CTX_DAG_EMAIL=***@example.com
AIRFLOW_CTX_DAG_OWNER=***
AIRFLOW_CTX_DAG_ID=tutorial
AIRFLOW_CTX_TASK_ID=print_date
AIRFLOW_CTX_EXECUTION_DATE=2023-04-27T10:15:11.319347+00:00
AIRFLOW_CTX_TRY_NUMBER=1
AIRFLOW_CTX_DAG_RUN_ID=manual__2023-04-27T10:15:11.319347+00:00
[2023-04-27T10:15:13.004+0000] {subprocess.py:63} INFO - Tmp dir root location: 
 /tmp
[2023-04-27T10:15:13.005+0000] {subprocess.py:75} INFO - Running command: ['/bin/bash', '-c', 'date']
[2023-04-27T10:15:13.013+0000] {subprocess.py:86} INFO - Output:
[2023-04-27T10:15:13.015+0000] {subprocess.py:93} INFO - Thu Apr 27 10:15:13 UTC 2023
[2023-04-27T10:15:13.016+0000] {subprocess.py:97} INFO - Command exited with return code 0
[2023-04-27T10:15:13.037+0000] {taskinstance.py:1332} INFO - Marking task as SUCCESS. dag_id=tutorial, task_id=print_date, execution_date=20230427T101511, start_date=20230427T101512, end_date=20230427T101513
[2023-04-27T10:15:13.080+0000] {local_task_job.py:212} INFO - Task exited with return code 0
[2023-04-27T10:15:13.095+0000] {taskinstance.py:2596} INFO - 2 downstream tasks scheduled from follow-on schedule check
