[2023-04-27T10:15:13.736+0000] {taskinstance.py:1090} INFO - Dependencies all met for dep_context=non-requeueable deps ti=<TaskInstance: tutorial.templated scheduled__2023-04-26T10:15:02.352638+00:00 [queued]>
[2023-04-27T10:15:13.746+0000] {taskinstance.py:1090} INFO - Dependencies all met for dep_context=requeueable deps ti=<TaskInstance: tutorial.templated scheduled__2023-04-26T10:15:02.352638+00:00 [queued]>
[2023-04-27T10:15:13.747+0000] {taskinstance.py:1288} INFO - 
--------------------------------------------------------------------------------
[2023-04-27T10:15:13.747+0000] {taskinstance.py:1289} INFO - Starting attempt 1 of 2
[2023-04-27T10:15:13.747+0000] {taskinstance.py:1290} INFO - 
--------------------------------------------------------------------------------
[2023-04-27T10:15:13.761+0000] {taskinstance.py:1309} INFO - Executing <Task(BashOperator): templated> on 2023-04-26 10:15:02.352638+00:00
[2023-04-27T10:15:13.768+0000] {standard_task_runner.py:55} INFO - Started process 1531 to run task
[2023-04-27T10:15:13.770+0000] {standard_task_runner.py:82} INFO - Running: ['***', 'tasks', 'run', 'tutorial', 'templated', 'scheduled__2023-04-26T10:15:02.352638+00:00', '--job-id', '5', '--raw', '--subdir', 'DAGS_FOLDER/tutorial.py', '--cfg-path', '/tmp/tmpr249tzz1']
[2023-04-27T10:15:13.772+0000] {standard_task_runner.py:83} INFO - Job 5: Subtask templated
[2023-04-27T10:15:13.835+0000] {task_command.py:389} INFO - Running <TaskInstance: tutorial.templated scheduled__2023-04-26T10:15:02.352638+00:00 [running]> on host 9e6433510ba5
[2023-04-27T10:15:13.910+0000] {taskinstance.py:1518} INFO - Exporting the following env vars:
AIRFLOW_CTX_DAG_EMAIL=***@example.com
AIRFLOW_CTX_DAG_OWNER=***
AIRFLOW_CTX_DAG_ID=tutorial
AIRFLOW_CTX_TASK_ID=templated
AIRFLOW_CTX_EXECUTION_DATE=2023-04-26T10:15:02.352638+00:00
AIRFLOW_CTX_TRY_NUMBER=1
AIRFLOW_CTX_DAG_RUN_ID=scheduled__2023-04-26T10:15:02.352638+00:00
[2023-04-27T10:15:13.911+0000] {subprocess.py:63} INFO - Tmp dir root location: 
 /tmp
[2023-04-27T10:15:13.912+0000] {subprocess.py:75} INFO - Running command: ['/bin/bash', '-c', '\n\n    echo "2023-04-26"\n    echo "2023-05-03"\n\n    echo "2023-04-26"\n    echo "2023-05-03"\n\n    echo "2023-04-26"\n    echo "2023-05-03"\n\n    echo "2023-04-26"\n    echo "2023-05-03"\n\n    echo "2023-04-26"\n    echo "2023-05-03"\n']
[2023-04-27T10:15:13.924+0000] {subprocess.py:86} INFO - Output:
[2023-04-27T10:15:13.926+0000] {subprocess.py:93} INFO - 2023-04-26
[2023-04-27T10:15:13.926+0000] {subprocess.py:93} INFO - 2023-05-03
[2023-04-27T10:15:13.927+0000] {subprocess.py:93} INFO - 2023-04-26
[2023-04-27T10:15:13.927+0000] {subprocess.py:93} INFO - 2023-05-03
[2023-04-27T10:15:13.927+0000] {subprocess.py:93} INFO - 2023-04-26
[2023-04-27T10:15:13.927+0000] {subprocess.py:93} INFO - 2023-05-03
[2023-04-27T10:15:13.927+0000] {subprocess.py:93} INFO - 2023-04-26
[2023-04-27T10:15:13.927+0000] {subprocess.py:93} INFO - 2023-05-03
[2023-04-27T10:15:13.927+0000] {subprocess.py:93} INFO - 2023-04-26
[2023-04-27T10:15:13.927+0000] {subprocess.py:93} INFO - 2023-05-03
[2023-04-27T10:15:13.927+0000] {subprocess.py:97} INFO - Command exited with return code 0
[2023-04-27T10:15:13.955+0000] {taskinstance.py:1332} INFO - Marking task as SUCCESS. dag_id=tutorial, task_id=templated, execution_date=20230426T101502, start_date=20230427T101513, end_date=20230427T101513
[2023-04-27T10:15:13.982+0000] {local_task_job.py:212} INFO - Task exited with return code 0
[2023-04-27T10:15:13.994+0000] {taskinstance.py:2596} INFO - 0 downstream tasks scheduled from follow-on schedule check
