[2023-04-28T09:09:15.410+0000] {taskinstance.py:1090} INFO - Dependencies all met for dep_context=non-requeueable deps ti=<TaskInstance: youtube.bulk_insert manual__2023-04-28T09:09:14.799569+00:00 [queued]>
[2023-04-28T09:09:15.417+0000] {taskinstance.py:1090} INFO - Dependencies all met for dep_context=requeueable deps ti=<TaskInstance: youtube.bulk_insert manual__2023-04-28T09:09:14.799569+00:00 [queued]>
[2023-04-28T09:09:15.417+0000] {taskinstance.py:1288} INFO - 
--------------------------------------------------------------------------------
[2023-04-28T09:09:15.417+0000] {taskinstance.py:1289} INFO - Starting attempt 1 of 1
[2023-04-28T09:09:15.417+0000] {taskinstance.py:1290} INFO - 
--------------------------------------------------------------------------------
[2023-04-28T09:09:15.426+0000] {taskinstance.py:1309} INFO - Executing <Task(_PythonDecoratedOperator): bulk_insert> on 2023-04-28 09:09:14.799569+00:00
[2023-04-28T09:09:15.429+0000] {standard_task_runner.py:55} INFO - Started process 23280 to run task
[2023-04-28T09:09:15.431+0000] {standard_task_runner.py:82} INFO - Running: ['***', 'tasks', 'run', 'youtube', 'bulk_insert', 'manual__2023-04-28T09:09:14.799569+00:00', '--job-id', '31', '--raw', '--subdir', 'DAGS_FOLDER/youtube.py', '--cfg-path', '/tmp/tmp44onm2gq']
[2023-04-28T09:09:15.431+0000] {standard_task_runner.py:83} INFO - Job 31: Subtask bulk_insert
[2023-04-28T09:09:15.480+0000] {task_command.py:389} INFO - Running <TaskInstance: youtube.bulk_insert manual__2023-04-28T09:09:14.799569+00:00 [running]> on host 9e6433510ba5
[2023-04-28T09:09:15.582+0000] {taskinstance.py:1518} INFO - Exporting the following env vars:
AIRFLOW_CTX_DAG_OWNER=***
AIRFLOW_CTX_DAG_ID=youtube
AIRFLOW_CTX_TASK_ID=bulk_insert
AIRFLOW_CTX_EXECUTION_DATE=2023-04-28T09:09:14.799569+00:00
AIRFLOW_CTX_TRY_NUMBER=1
AIRFLOW_CTX_DAG_RUN_ID=manual__2023-04-28T09:09:14.799569+00:00
[2023-04-28T09:09:15.681+0000] {base.py:271} INFO - POST http://172.17.0.1:9200/_bulk [status:200 request:0.098s]
[2023-04-28T09:09:15.682+0000] {logging_mixin.py:137} INFO - {'took': 93, 'errors': False, 'items': [{'create': {'_index': 'test_comments', '_id': 'su0fx4cBGt0wKJF5sYUL', '_version': 1, 'result': 'created', '_shards': {'total': 2, 'successful': 1, 'failed': 0}, '_seq_no': 0, '_primary_term': 1, 'status': 201}}, {'create': {'_index': 'test_comments', '_id': 's-0fx4cBGt0wKJF5sYUL', '_version': 1, 'result': 'created', '_shards': {'total': 2, 'successful': 1, 'failed': 0}, '_seq_no': 1, '_primary_term': 1, 'status': 201}}]}
[2023-04-28T09:09:15.682+0000] {python.py:177} INFO - Done. Returned value was: None
[2023-04-28T09:09:15.691+0000] {taskinstance.py:1332} INFO - Marking task as SUCCESS. dag_id=youtube, task_id=bulk_insert, execution_date=20230428T090914, start_date=20230428T090915, end_date=20230428T090915
[2023-04-28T09:09:15.723+0000] {local_task_job.py:212} INFO - Task exited with return code 0
[2023-04-28T09:09:15.736+0000] {taskinstance.py:2596} INFO - 0 downstream tasks scheduled from follow-on schedule check
