[2023-04-27T10:15:13.855+0000] {taskinstance.py:1090} INFO - Dependencies all met for dep_context=non-requeueable deps ti=<TaskInstance: tutorial.sleep manual__2023-04-27T10:15:11.319347+00:00 [queued]>
[2023-04-27T10:15:13.867+0000] {taskinstance.py:1090} INFO - Dependencies all met for dep_context=requeueable deps ti=<TaskInstance: tutorial.sleep manual__2023-04-27T10:15:11.319347+00:00 [queued]>
[2023-04-27T10:15:13.867+0000] {taskinstance.py:1288} INFO - 
--------------------------------------------------------------------------------
[2023-04-27T10:15:13.867+0000] {taskinstance.py:1289} INFO - Starting attempt 1 of 4
[2023-04-27T10:15:13.867+0000] {taskinstance.py:1290} INFO - 
--------------------------------------------------------------------------------
[2023-04-27T10:15:13.881+0000] {taskinstance.py:1309} INFO - Executing <Task(BashOperator): sleep> on 2023-04-27 10:15:11.319347+00:00
[2023-04-27T10:15:13.888+0000] {standard_task_runner.py:55} INFO - Started process 1533 to run task
[2023-04-27T10:15:13.890+0000] {standard_task_runner.py:82} INFO - Running: ['***', 'tasks', 'run', 'tutorial', 'sleep', 'manual__2023-04-27T10:15:11.319347+00:00', '--job-id', '7', '--raw', '--subdir', 'DAGS_FOLDER/tutorial.py', '--cfg-path', '/tmp/tmpv631wb3j']
[2023-04-27T10:15:13.892+0000] {standard_task_runner.py:83} INFO - Job 7: Subtask sleep
[2023-04-27T10:15:13.948+0000] {task_command.py:389} INFO - Running <TaskInstance: tutorial.sleep manual__2023-04-27T10:15:11.319347+00:00 [running]> on host 9e6433510ba5
[2023-04-27T10:15:14.014+0000] {taskinstance.py:1518} INFO - Exporting the following env vars:
AIRFLOW_CTX_DAG_EMAIL=***@example.com
AIRFLOW_CTX_DAG_OWNER=***
AIRFLOW_CTX_DAG_ID=tutorial
AIRFLOW_CTX_TASK_ID=sleep
AIRFLOW_CTX_EXECUTION_DATE=2023-04-27T10:15:11.319347+00:00
AIRFLOW_CTX_TRY_NUMBER=1
AIRFLOW_CTX_DAG_RUN_ID=manual__2023-04-27T10:15:11.319347+00:00
[2023-04-27T10:15:14.015+0000] {subprocess.py:63} INFO - Tmp dir root location: 
 /tmp
[2023-04-27T10:15:14.016+0000] {subprocess.py:75} INFO - Running command: ['/bin/bash', '-c', 'sleep 5']
[2023-04-27T10:15:14.037+0000] {subprocess.py:86} INFO - Output:
[2023-04-27T10:15:19.039+0000] {subprocess.py:97} INFO - Command exited with return code 0
[2023-04-27T10:15:19.059+0000] {taskinstance.py:1332} INFO - Marking task as SUCCESS. dag_id=tutorial, task_id=sleep, execution_date=20230427T101511, start_date=20230427T101513, end_date=20230427T101519
[2023-04-27T10:15:19.079+0000] {local_task_job.py:212} INFO - Task exited with return code 0
[2023-04-27T10:15:19.094+0000] {taskinstance.py:2596} INFO - 0 downstream tasks scheduled from follow-on schedule check
