[2023-04-29T02:34:19.373+0000] {processor.py:153} INFO - Started process (PID=849) to work on /home/airflow/.local/lib/python3.7/site-packages/airflow/example_dags/example_branch_datetime_operator.py
[2023-04-29T02:34:19.374+0000] {processor.py:743} INFO - Processing file /home/airflow/.local/lib/python3.7/site-packages/airflow/example_dags/example_branch_datetime_operator.py for tasks to queue
[2023-04-29T02:34:19.374+0000] {logging_mixin.py:137} INFO - [2023-04-29T02:34:19.374+0000] {dagbag.py:532} INFO - Filling up the DagBag from /home/airflow/.local/lib/python3.7/site-packages/airflow/example_dags/example_branch_datetime_operator.py
[2023-04-29T02:34:19.390+0000] {processor.py:753} INFO - DAG(s) dict_keys(['example_branch_datetime_operator_2', 'example_branch_datetime_operator', 'example_branch_datetime_operator_3']) retrieved from /home/airflow/.local/lib/python3.7/site-packages/airflow/example_dags/example_branch_datetime_operator.py
[2023-04-29T02:34:19.427+0000] {logging_mixin.py:137} INFO - [2023-04-29T02:34:19.426+0000] {dag.py:2705} INFO - Sync 3 DAGs
[2023-04-29T02:34:19.458+0000] {logging_mixin.py:137} INFO - [2023-04-29T02:34:19.458+0000] {dag.py:3456} INFO - Setting next_dagrun for example_branch_datetime_operator to 2023-04-28T00:00:00+00:00, run_after=2023-04-29T00:00:00+00:00
[2023-04-29T02:34:19.464+0000] {logging_mixin.py:137} INFO - [2023-04-29T02:34:19.464+0000] {dag.py:3456} INFO - Setting next_dagrun for example_branch_datetime_operator_2 to 2023-04-28T00:00:00+00:00, run_after=2023-04-29T00:00:00+00:00
[2023-04-29T02:34:19.467+0000] {logging_mixin.py:137} INFO - [2023-04-29T02:34:19.467+0000] {dag.py:3456} INFO - Setting next_dagrun for example_branch_datetime_operator_3 to 2023-04-28T00:00:00+00:00, run_after=2023-04-29T00:00:00+00:00
[2023-04-29T02:34:19.490+0000] {processor.py:175} INFO - Processing /home/airflow/.local/lib/python3.7/site-packages/airflow/example_dags/example_branch_datetime_operator.py took 0.119 seconds
[2023-04-29T02:34:49.810+0000] {processor.py:153} INFO - Started process (PID=903) to work on /home/airflow/.local/lib/python3.7/site-packages/airflow/example_dags/example_branch_datetime_operator.py
[2023-04-29T02:34:49.810+0000] {processor.py:743} INFO - Processing file /home/airflow/.local/lib/python3.7/site-packages/airflow/example_dags/example_branch_datetime_operator.py for tasks to queue
[2023-04-29T02:34:49.810+0000] {logging_mixin.py:137} INFO - [2023-04-29T02:34:49.810+0000] {dagbag.py:532} INFO - Filling up the DagBag from /home/airflow/.local/lib/python3.7/site-packages/airflow/example_dags/example_branch_datetime_operator.py
[2023-04-29T02:34:49.820+0000] {processor.py:753} INFO - DAG(s) dict_keys(['example_branch_datetime_operator_2', 'example_branch_datetime_operator', 'example_branch_datetime_operator_3']) retrieved from /home/airflow/.local/lib/python3.7/site-packages/airflow/example_dags/example_branch_datetime_operator.py
[2023-04-29T02:34:49.845+0000] {logging_mixin.py:137} INFO - [2023-04-29T02:34:49.844+0000] {dag.py:2705} INFO - Sync 3 DAGs
[2023-04-29T02:34:49.867+0000] {logging_mixin.py:137} INFO - [2023-04-29T02:34:49.867+0000] {dag.py:3456} INFO - Setting next_dagrun for example_branch_datetime_operator to 2023-04-28T00:00:00+00:00, run_after=2023-04-29T00:00:00+00:00
[2023-04-29T02:34:49.870+0000] {logging_mixin.py:137} INFO - [2023-04-29T02:34:49.870+0000] {dag.py:3456} INFO - Setting next_dagrun for example_branch_datetime_operator_2 to 2023-04-28T00:00:00+00:00, run_after=2023-04-29T00:00:00+00:00
[2023-04-29T02:34:49.871+0000] {logging_mixin.py:137} INFO - [2023-04-29T02:34:49.871+0000] {dag.py:3456} INFO - Setting next_dagrun for example_branch_datetime_operator_3 to 2023-04-28T00:00:00+00:00, run_after=2023-04-29T00:00:00+00:00
[2023-04-29T02:34:49.883+0000] {processor.py:175} INFO - Processing /home/airflow/.local/lib/python3.7/site-packages/airflow/example_dags/example_branch_datetime_operator.py took 0.076 seconds
[2023-04-29T02:36:38.282+0000] {processor.py:153} INFO - Started process (PID=957) to work on /home/airflow/.local/lib/python3.7/site-packages/airflow/example_dags/example_branch_datetime_operator.py
[2023-04-29T02:36:38.283+0000] {processor.py:743} INFO - Processing file /home/airflow/.local/lib/python3.7/site-packages/airflow/example_dags/example_branch_datetime_operator.py for tasks to queue
[2023-04-29T02:36:38.283+0000] {logging_mixin.py:137} INFO - [2023-04-29T02:36:38.283+0000] {dagbag.py:532} INFO - Filling up the DagBag from /home/airflow/.local/lib/python3.7/site-packages/airflow/example_dags/example_branch_datetime_operator.py
[2023-04-29T02:36:38.297+0000] {processor.py:753} INFO - DAG(s) dict_keys(['example_branch_datetime_operator', 'example_branch_datetime_operator_2', 'example_branch_datetime_operator_3']) retrieved from /home/airflow/.local/lib/python3.7/site-packages/airflow/example_dags/example_branch_datetime_operator.py
[2023-04-29T02:36:38.320+0000] {logging_mixin.py:137} INFO - [2023-04-29T02:36:38.320+0000] {dag.py:2705} INFO - Sync 3 DAGs
[2023-04-29T02:36:38.336+0000] {logging_mixin.py:137} INFO - [2023-04-29T02:36:38.336+0000] {dag.py:3456} INFO - Setting next_dagrun for example_branch_datetime_operator to 2023-04-28T00:00:00+00:00, run_after=2023-04-29T00:00:00+00:00
[2023-04-29T02:36:38.339+0000] {logging_mixin.py:137} INFO - [2023-04-29T02:36:38.339+0000] {dag.py:3456} INFO - Setting next_dagrun for example_branch_datetime_operator_2 to 2023-04-28T00:00:00+00:00, run_after=2023-04-29T00:00:00+00:00
[2023-04-29T02:36:38.341+0000] {logging_mixin.py:137} INFO - [2023-04-29T02:36:38.341+0000] {dag.py:3456} INFO - Setting next_dagrun for example_branch_datetime_operator_3 to 2023-04-28T00:00:00+00:00, run_after=2023-04-29T00:00:00+00:00
[2023-04-29T02:36:38.354+0000] {processor.py:175} INFO - Processing /home/airflow/.local/lib/python3.7/site-packages/airflow/example_dags/example_branch_datetime_operator.py took 0.074 seconds
