[2023-04-29T02:34:19.949+0000] {processor.py:153} INFO - Started process (PID=858) to work on /home/airflow/.local/lib/python3.7/site-packages/airflow/example_dags/example_sensor_decorator.py
[2023-04-29T02:34:19.949+0000] {processor.py:743} INFO - Processing file /home/airflow/.local/lib/python3.7/site-packages/airflow/example_dags/example_sensor_decorator.py for tasks to queue
[2023-04-29T02:34:19.950+0000] {logging_mixin.py:137} INFO - [2023-04-29T02:34:19.950+0000] {dagbag.py:532} INFO - Filling up the DagBag from /home/airflow/.local/lib/python3.7/site-packages/airflow/example_dags/example_sensor_decorator.py
[2023-04-29T02:34:19.973+0000] {processor.py:753} INFO - DAG(s) dict_keys(['example_sensor_decorator']) retrieved from /home/airflow/.local/lib/python3.7/site-packages/airflow/example_dags/example_sensor_decorator.py
[2023-04-29T02:34:19.998+0000] {logging_mixin.py:137} INFO - [2023-04-29T02:34:19.998+0000] {dag.py:2705} INFO - Sync 1 DAGs
[2023-04-29T02:34:20.022+0000] {logging_mixin.py:137} INFO - [2023-04-29T02:34:20.022+0000] {dag.py:3456} INFO - Setting next_dagrun for example_sensor_decorator to None, run_after=None
[2023-04-29T02:34:20.045+0000] {processor.py:175} INFO - Processing /home/airflow/.local/lib/python3.7/site-packages/airflow/example_dags/example_sensor_decorator.py took 0.099 seconds
[2023-04-29T02:34:50.185+0000] {processor.py:153} INFO - Started process (PID=912) to work on /home/airflow/.local/lib/python3.7/site-packages/airflow/example_dags/example_sensor_decorator.py
[2023-04-29T02:34:50.185+0000] {processor.py:743} INFO - Processing file /home/airflow/.local/lib/python3.7/site-packages/airflow/example_dags/example_sensor_decorator.py for tasks to queue
[2023-04-29T02:34:50.186+0000] {logging_mixin.py:137} INFO - [2023-04-29T02:34:50.186+0000] {dagbag.py:532} INFO - Filling up the DagBag from /home/airflow/.local/lib/python3.7/site-packages/airflow/example_dags/example_sensor_decorator.py
[2023-04-29T02:34:50.212+0000] {processor.py:753} INFO - DAG(s) dict_keys(['example_sensor_decorator']) retrieved from /home/airflow/.local/lib/python3.7/site-packages/airflow/example_dags/example_sensor_decorator.py
[2023-04-29T02:34:50.237+0000] {logging_mixin.py:137} INFO - [2023-04-29T02:34:50.236+0000] {dag.py:2705} INFO - Sync 1 DAGs
[2023-04-29T02:34:50.260+0000] {logging_mixin.py:137} INFO - [2023-04-29T02:34:50.259+0000] {dag.py:3456} INFO - Setting next_dagrun for example_sensor_decorator to None, run_after=None
[2023-04-29T02:34:50.274+0000] {processor.py:175} INFO - Processing /home/airflow/.local/lib/python3.7/site-packages/airflow/example_dags/example_sensor_decorator.py took 0.092 seconds
[2023-04-29T02:36:38.707+0000] {processor.py:153} INFO - Started process (PID=966) to work on /home/airflow/.local/lib/python3.7/site-packages/airflow/example_dags/example_sensor_decorator.py
[2023-04-29T02:36:38.708+0000] {processor.py:743} INFO - Processing file /home/airflow/.local/lib/python3.7/site-packages/airflow/example_dags/example_sensor_decorator.py for tasks to queue
[2023-04-29T02:36:38.708+0000] {logging_mixin.py:137} INFO - [2023-04-29T02:36:38.708+0000] {dagbag.py:532} INFO - Filling up the DagBag from /home/airflow/.local/lib/python3.7/site-packages/airflow/example_dags/example_sensor_decorator.py
[2023-04-29T02:36:38.720+0000] {processor.py:753} INFO - DAG(s) dict_keys(['example_sensor_decorator']) retrieved from /home/airflow/.local/lib/python3.7/site-packages/airflow/example_dags/example_sensor_decorator.py
[2023-04-29T02:36:38.740+0000] {logging_mixin.py:137} INFO - [2023-04-29T02:36:38.740+0000] {dag.py:2705} INFO - Sync 1 DAGs
[2023-04-29T02:36:38.760+0000] {logging_mixin.py:137} INFO - [2023-04-29T02:36:38.760+0000] {dag.py:3456} INFO - Setting next_dagrun for example_sensor_decorator to None, run_after=None
[2023-04-29T02:36:38.775+0000] {processor.py:175} INFO - Processing /home/airflow/.local/lib/python3.7/site-packages/airflow/example_dags/example_sensor_decorator.py took 0.069 seconds
