[2023-04-29T02:34:20.610+0000] {processor.py:153} INFO - Started process (PID=869) to work on /home/airflow/.local/lib/python3.7/site-packages/airflow/example_dags/example_dag_decorator.py
[2023-04-29T02:34:20.610+0000] {processor.py:743} INFO - Processing file /home/airflow/.local/lib/python3.7/site-packages/airflow/example_dags/example_dag_decorator.py for tasks to queue
[2023-04-29T02:34:20.610+0000] {logging_mixin.py:137} INFO - [2023-04-29T02:34:20.610+0000] {dagbag.py:532} INFO - Filling up the DagBag from /home/airflow/.local/lib/python3.7/site-packages/airflow/example_dags/example_dag_decorator.py
[2023-04-29T02:34:20.622+0000] {logging_mixin.py:137} INFO - [2023-04-29T02:34:20.622+0000] {taskmixin.py:211} WARNING - Dependency <Task(_PythonDecoratedOperator): prepare_email>, send_email already registered for DAG: example_dag_decorator
[2023-04-29T02:34:20.622+0000] {logging_mixin.py:137} INFO - [2023-04-29T02:34:20.622+0000] {taskmixin.py:211} WARNING - Dependency <Task(EmailOperator): send_email>, prepare_email already registered for DAG: example_dag_decorator
[2023-04-29T02:34:20.632+0000] {processor.py:753} INFO - DAG(s) dict_keys(['example_dag_decorator']) retrieved from /home/airflow/.local/lib/python3.7/site-packages/airflow/example_dags/example_dag_decorator.py
[2023-04-29T02:34:20.689+0000] {logging_mixin.py:137} INFO - [2023-04-29T02:34:20.689+0000] {dag.py:2705} INFO - Sync 1 DAGs
[2023-04-29T02:34:20.704+0000] {logging_mixin.py:137} INFO - [2023-04-29T02:34:20.704+0000] {dag.py:3456} INFO - Setting next_dagrun for example_dag_decorator to None, run_after=None
[2023-04-29T02:34:20.722+0000] {processor.py:175} INFO - Processing /home/airflow/.local/lib/python3.7/site-packages/airflow/example_dags/example_dag_decorator.py took 0.114 seconds
[2023-04-29T02:34:50.753+0000] {processor.py:153} INFO - Started process (PID=923) to work on /home/airflow/.local/lib/python3.7/site-packages/airflow/example_dags/example_dag_decorator.py
[2023-04-29T02:34:50.754+0000] {processor.py:743} INFO - Processing file /home/airflow/.local/lib/python3.7/site-packages/airflow/example_dags/example_dag_decorator.py for tasks to queue
[2023-04-29T02:34:50.755+0000] {logging_mixin.py:137} INFO - [2023-04-29T02:34:50.755+0000] {dagbag.py:532} INFO - Filling up the DagBag from /home/airflow/.local/lib/python3.7/site-packages/airflow/example_dags/example_dag_decorator.py
[2023-04-29T02:34:50.766+0000] {logging_mixin.py:137} INFO - [2023-04-29T02:34:50.766+0000] {taskmixin.py:211} WARNING - Dependency <Task(_PythonDecoratedOperator): prepare_email>, send_email already registered for DAG: example_dag_decorator
[2023-04-29T02:34:50.766+0000] {logging_mixin.py:137} INFO - [2023-04-29T02:34:50.766+0000] {taskmixin.py:211} WARNING - Dependency <Task(EmailOperator): send_email>, prepare_email already registered for DAG: example_dag_decorator
[2023-04-29T02:34:50.774+0000] {processor.py:753} INFO - DAG(s) dict_keys(['example_dag_decorator']) retrieved from /home/airflow/.local/lib/python3.7/site-packages/airflow/example_dags/example_dag_decorator.py
[2023-04-29T02:34:50.834+0000] {logging_mixin.py:137} INFO - [2023-04-29T02:34:50.834+0000] {dag.py:2705} INFO - Sync 1 DAGs
[2023-04-29T02:34:50.856+0000] {logging_mixin.py:137} INFO - [2023-04-29T02:34:50.856+0000] {dag.py:3456} INFO - Setting next_dagrun for example_dag_decorator to None, run_after=None
[2023-04-29T02:34:50.875+0000] {processor.py:175} INFO - Processing /home/airflow/.local/lib/python3.7/site-packages/airflow/example_dags/example_dag_decorator.py took 0.124 seconds
[2023-04-29T02:36:39.268+0000] {processor.py:153} INFO - Started process (PID=977) to work on /home/airflow/.local/lib/python3.7/site-packages/airflow/example_dags/example_dag_decorator.py
[2023-04-29T02:36:39.269+0000] {processor.py:743} INFO - Processing file /home/airflow/.local/lib/python3.7/site-packages/airflow/example_dags/example_dag_decorator.py for tasks to queue
[2023-04-29T02:36:39.269+0000] {logging_mixin.py:137} INFO - [2023-04-29T02:36:39.269+0000] {dagbag.py:532} INFO - Filling up the DagBag from /home/airflow/.local/lib/python3.7/site-packages/airflow/example_dags/example_dag_decorator.py
[2023-04-29T02:36:39.280+0000] {logging_mixin.py:137} INFO - [2023-04-29T02:36:39.279+0000] {taskmixin.py:211} WARNING - Dependency <Task(_PythonDecoratedOperator): prepare_email>, send_email already registered for DAG: example_dag_decorator
[2023-04-29T02:36:39.280+0000] {logging_mixin.py:137} INFO - [2023-04-29T02:36:39.280+0000] {taskmixin.py:211} WARNING - Dependency <Task(EmailOperator): send_email>, prepare_email already registered for DAG: example_dag_decorator
[2023-04-29T02:36:39.287+0000] {processor.py:753} INFO - DAG(s) dict_keys(['example_dag_decorator']) retrieved from /home/airflow/.local/lib/python3.7/site-packages/airflow/example_dags/example_dag_decorator.py
[2023-04-29T02:36:39.338+0000] {logging_mixin.py:137} INFO - [2023-04-29T02:36:39.338+0000] {dag.py:2705} INFO - Sync 1 DAGs
[2023-04-29T02:36:39.359+0000] {logging_mixin.py:137} INFO - [2023-04-29T02:36:39.359+0000] {dag.py:3456} INFO - Setting next_dagrun for example_dag_decorator to None, run_after=None
[2023-04-29T02:36:39.373+0000] {processor.py:175} INFO - Processing /home/airflow/.local/lib/python3.7/site-packages/airflow/example_dags/example_dag_decorator.py took 0.108 seconds
