[2023-04-29T02:34:20.024+0000] {processor.py:153} INFO - Started process (PID=859) to work on /home/airflow/.local/lib/python3.7/site-packages/airflow/example_dags/example_datasets.py
[2023-04-29T02:34:20.024+0000] {processor.py:743} INFO - Processing file /home/airflow/.local/lib/python3.7/site-packages/airflow/example_dags/example_datasets.py for tasks to queue
[2023-04-29T02:34:20.025+0000] {logging_mixin.py:137} INFO - [2023-04-29T02:34:20.025+0000] {dagbag.py:532} INFO - Filling up the DagBag from /home/airflow/.local/lib/python3.7/site-packages/airflow/example_dags/example_datasets.py
[2023-04-29T02:34:20.040+0000] {processor.py:753} INFO - DAG(s) dict_keys(['dataset_produces_1', 'dataset_consumes_unknown_never_scheduled', 'dataset_consumes_1_never_scheduled', 'dataset_consumes_1', 'dataset_consumes_1_and_2', 'dataset_produces_2']) retrieved from /home/airflow/.local/lib/python3.7/site-packages/airflow/example_dags/example_datasets.py
[2023-04-29T02:34:20.088+0000] {logging_mixin.py:137} INFO - [2023-04-29T02:34:20.088+0000] {dag.py:2705} INFO - Sync 6 DAGs
[2023-04-29T02:34:20.119+0000] {logging_mixin.py:137} INFO - [2023-04-29T02:34:20.119+0000] {dag.py:3456} INFO - Setting next_dagrun for dataset_consumes_1 to None, run_after=None
[2023-04-29T02:34:20.124+0000] {logging_mixin.py:137} INFO - [2023-04-29T02:34:20.124+0000] {dag.py:3456} INFO - Setting next_dagrun for dataset_consumes_1_and_2 to None, run_after=None
[2023-04-29T02:34:20.125+0000] {logging_mixin.py:137} INFO - [2023-04-29T02:34:20.125+0000] {dag.py:3456} INFO - Setting next_dagrun for dataset_consumes_1_never_scheduled to None, run_after=None
[2023-04-29T02:34:20.127+0000] {logging_mixin.py:137} INFO - [2023-04-29T02:34:20.127+0000] {dag.py:3456} INFO - Setting next_dagrun for dataset_consumes_unknown_never_scheduled to None, run_after=None
[2023-04-29T02:34:20.131+0000] {logging_mixin.py:137} INFO - [2023-04-29T02:34:20.130+0000] {dag.py:3456} INFO - Setting next_dagrun for dataset_produces_1 to 2023-04-28T00:00:00+00:00, run_after=2023-04-29T00:00:00+00:00
[2023-04-29T02:34:20.132+0000] {logging_mixin.py:137} INFO - [2023-04-29T02:34:20.132+0000] {dag.py:3456} INFO - Setting next_dagrun for dataset_produces_2 to None, run_after=None
[2023-04-29T02:34:20.182+0000] {processor.py:175} INFO - Processing /home/airflow/.local/lib/python3.7/site-packages/airflow/example_dags/example_datasets.py took 0.161 seconds
[2023-04-29T02:34:50.219+0000] {processor.py:153} INFO - Started process (PID=913) to work on /home/airflow/.local/lib/python3.7/site-packages/airflow/example_dags/example_datasets.py
[2023-04-29T02:34:50.221+0000] {processor.py:743} INFO - Processing file /home/airflow/.local/lib/python3.7/site-packages/airflow/example_dags/example_datasets.py for tasks to queue
[2023-04-29T02:34:50.221+0000] {logging_mixin.py:137} INFO - [2023-04-29T02:34:50.221+0000] {dagbag.py:532} INFO - Filling up the DagBag from /home/airflow/.local/lib/python3.7/site-packages/airflow/example_dags/example_datasets.py
[2023-04-29T02:34:50.234+0000] {processor.py:753} INFO - DAG(s) dict_keys(['dataset_consumes_1', 'dataset_consumes_1_never_scheduled', 'dataset_produces_1', 'dataset_consumes_unknown_never_scheduled', 'dataset_consumes_1_and_2', 'dataset_produces_2']) retrieved from /home/airflow/.local/lib/python3.7/site-packages/airflow/example_dags/example_datasets.py
[2023-04-29T02:34:50.272+0000] {logging_mixin.py:137} INFO - [2023-04-29T02:34:50.272+0000] {dag.py:2705} INFO - Sync 6 DAGs
[2023-04-29T02:34:50.298+0000] {logging_mixin.py:137} INFO - [2023-04-29T02:34:50.298+0000] {dag.py:3456} INFO - Setting next_dagrun for dataset_consumes_1 to None, run_after=None
[2023-04-29T02:34:50.301+0000] {logging_mixin.py:137} INFO - [2023-04-29T02:34:50.301+0000] {dag.py:3456} INFO - Setting next_dagrun for dataset_consumes_1_and_2 to None, run_after=None
[2023-04-29T02:34:50.302+0000] {logging_mixin.py:137} INFO - [2023-04-29T02:34:50.302+0000] {dag.py:3456} INFO - Setting next_dagrun for dataset_consumes_1_never_scheduled to None, run_after=None
[2023-04-29T02:34:50.303+0000] {logging_mixin.py:137} INFO - [2023-04-29T02:34:50.303+0000] {dag.py:3456} INFO - Setting next_dagrun for dataset_consumes_unknown_never_scheduled to None, run_after=None
[2023-04-29T02:34:50.305+0000] {logging_mixin.py:137} INFO - [2023-04-29T02:34:50.305+0000] {dag.py:3456} INFO - Setting next_dagrun for dataset_produces_1 to 2023-04-28T00:00:00+00:00, run_after=2023-04-29T00:00:00+00:00
[2023-04-29T02:34:50.306+0000] {logging_mixin.py:137} INFO - [2023-04-29T02:34:50.306+0000] {dag.py:3456} INFO - Setting next_dagrun for dataset_produces_2 to None, run_after=None
[2023-04-29T02:34:50.335+0000] {processor.py:175} INFO - Processing /home/airflow/.local/lib/python3.7/site-packages/airflow/example_dags/example_datasets.py took 0.119 seconds
[2023-04-29T02:36:38.802+0000] {processor.py:153} INFO - Started process (PID=967) to work on /home/airflow/.local/lib/python3.7/site-packages/airflow/example_dags/example_datasets.py
[2023-04-29T02:36:38.803+0000] {processor.py:743} INFO - Processing file /home/airflow/.local/lib/python3.7/site-packages/airflow/example_dags/example_datasets.py for tasks to queue
[2023-04-29T02:36:38.803+0000] {logging_mixin.py:137} INFO - [2023-04-29T02:36:38.803+0000] {dagbag.py:532} INFO - Filling up the DagBag from /home/airflow/.local/lib/python3.7/site-packages/airflow/example_dags/example_datasets.py
[2023-04-29T02:36:38.813+0000] {processor.py:753} INFO - DAG(s) dict_keys(['dataset_produces_2', 'dataset_produces_1', 'dataset_consumes_unknown_never_scheduled', 'dataset_consumes_1_never_scheduled', 'dataset_consumes_1_and_2', 'dataset_consumes_1']) retrieved from /home/airflow/.local/lib/python3.7/site-packages/airflow/example_dags/example_datasets.py
[2023-04-29T02:36:38.849+0000] {logging_mixin.py:137} INFO - [2023-04-29T02:36:38.849+0000] {dag.py:2705} INFO - Sync 6 DAGs
[2023-04-29T02:36:38.871+0000] {logging_mixin.py:137} INFO - [2023-04-29T02:36:38.871+0000] {dag.py:3456} INFO - Setting next_dagrun for dataset_consumes_1 to None, run_after=None
[2023-04-29T02:36:38.874+0000] {logging_mixin.py:137} INFO - [2023-04-29T02:36:38.874+0000] {dag.py:3456} INFO - Setting next_dagrun for dataset_consumes_1_and_2 to None, run_after=None
[2023-04-29T02:36:38.875+0000] {logging_mixin.py:137} INFO - [2023-04-29T02:36:38.875+0000] {dag.py:3456} INFO - Setting next_dagrun for dataset_consumes_1_never_scheduled to None, run_after=None
[2023-04-29T02:36:38.876+0000] {logging_mixin.py:137} INFO - [2023-04-29T02:36:38.876+0000] {dag.py:3456} INFO - Setting next_dagrun for dataset_consumes_unknown_never_scheduled to None, run_after=None
[2023-04-29T02:36:38.878+0000] {logging_mixin.py:137} INFO - [2023-04-29T02:36:38.877+0000] {dag.py:3456} INFO - Setting next_dagrun for dataset_produces_1 to 2023-04-28T00:00:00+00:00, run_after=2023-04-29T00:00:00+00:00
[2023-04-29T02:36:38.879+0000] {logging_mixin.py:137} INFO - [2023-04-29T02:36:38.879+0000] {dag.py:3456} INFO - Setting next_dagrun for dataset_produces_2 to None, run_after=None
[2023-04-29T02:36:38.906+0000] {processor.py:175} INFO - Processing /home/airflow/.local/lib/python3.7/site-packages/airflow/example_dags/example_datasets.py took 0.106 seconds
