[2023-04-29T02:34:21.020+0000] {processor.py:153} INFO - Started process (PID=880) to work on /home/airflow/.local/lib/python3.7/site-packages/airflow/example_dags/example_task_group_decorator.py
[2023-04-29T02:34:21.020+0000] {processor.py:743} INFO - Processing file /home/airflow/.local/lib/python3.7/site-packages/airflow/example_dags/example_task_group_decorator.py for tasks to queue
[2023-04-29T02:34:21.021+0000] {logging_mixin.py:137} INFO - [2023-04-29T02:34:21.021+0000] {dagbag.py:532} INFO - Filling up the DagBag from /home/airflow/.local/lib/python3.7/site-packages/airflow/example_dags/example_task_group_decorator.py
[2023-04-29T02:34:21.036+0000] {processor.py:753} INFO - DAG(s) dict_keys(['example_task_group_decorator']) retrieved from /home/airflow/.local/lib/python3.7/site-packages/airflow/example_dags/example_task_group_decorator.py
[2023-04-29T02:34:21.054+0000] {logging_mixin.py:137} INFO - [2023-04-29T02:34:21.054+0000] {dag.py:2705} INFO - Sync 1 DAGs
[2023-04-29T02:34:21.073+0000] {logging_mixin.py:137} INFO - [2023-04-29T02:34:21.073+0000] {dag.py:3456} INFO - Setting next_dagrun for example_task_group_decorator to 2023-04-28T02:34:21.072990+00:00, run_after=2023-04-29T02:34:21.072990+00:00
[2023-04-29T02:34:21.085+0000] {processor.py:175} INFO - Processing /home/airflow/.local/lib/python3.7/site-packages/airflow/example_dags/example_task_group_decorator.py took 0.067 seconds
[2023-04-29T02:34:51.239+0000] {processor.py:153} INFO - Started process (PID=934) to work on /home/airflow/.local/lib/python3.7/site-packages/airflow/example_dags/example_task_group_decorator.py
[2023-04-29T02:34:51.239+0000] {processor.py:743} INFO - Processing file /home/airflow/.local/lib/python3.7/site-packages/airflow/example_dags/example_task_group_decorator.py for tasks to queue
[2023-04-29T02:34:51.240+0000] {logging_mixin.py:137} INFO - [2023-04-29T02:34:51.240+0000] {dagbag.py:532} INFO - Filling up the DagBag from /home/airflow/.local/lib/python3.7/site-packages/airflow/example_dags/example_task_group_decorator.py
[2023-04-29T02:34:51.256+0000] {processor.py:753} INFO - DAG(s) dict_keys(['example_task_group_decorator']) retrieved from /home/airflow/.local/lib/python3.7/site-packages/airflow/example_dags/example_task_group_decorator.py
[2023-04-29T02:34:51.274+0000] {logging_mixin.py:137} INFO - [2023-04-29T02:34:51.273+0000] {dag.py:2705} INFO - Sync 1 DAGs
[2023-04-29T02:34:51.288+0000] {logging_mixin.py:137} INFO - [2023-04-29T02:34:51.288+0000] {dag.py:3456} INFO - Setting next_dagrun for example_task_group_decorator to 2023-04-28T02:34:51.288643+00:00, run_after=2023-04-29T02:34:51.288643+00:00
[2023-04-29T02:34:51.300+0000] {processor.py:175} INFO - Processing /home/airflow/.local/lib/python3.7/site-packages/airflow/example_dags/example_task_group_decorator.py took 0.063 seconds
[2023-04-29T02:36:39.766+0000] {processor.py:153} INFO - Started process (PID=988) to work on /home/airflow/.local/lib/python3.7/site-packages/airflow/example_dags/example_task_group_decorator.py
[2023-04-29T02:36:39.767+0000] {processor.py:743} INFO - Processing file /home/airflow/.local/lib/python3.7/site-packages/airflow/example_dags/example_task_group_decorator.py for tasks to queue
[2023-04-29T02:36:39.767+0000] {logging_mixin.py:137} INFO - [2023-04-29T02:36:39.767+0000] {dagbag.py:532} INFO - Filling up the DagBag from /home/airflow/.local/lib/python3.7/site-packages/airflow/example_dags/example_task_group_decorator.py
[2023-04-29T02:36:39.783+0000] {processor.py:753} INFO - DAG(s) dict_keys(['example_task_group_decorator']) retrieved from /home/airflow/.local/lib/python3.7/site-packages/airflow/example_dags/example_task_group_decorator.py
[2023-04-29T02:36:39.803+0000] {logging_mixin.py:137} INFO - [2023-04-29T02:36:39.803+0000] {dag.py:2705} INFO - Sync 1 DAGs
[2023-04-29T02:36:39.821+0000] {logging_mixin.py:137} INFO - [2023-04-29T02:36:39.821+0000] {dag.py:3456} INFO - Setting next_dagrun for example_task_group_decorator to 2023-04-28T02:36:39.821213+00:00, run_after=2023-04-29T02:36:39.821213+00:00
[2023-04-29T02:36:39.837+0000] {processor.py:175} INFO - Processing /home/airflow/.local/lib/python3.7/site-packages/airflow/example_dags/example_task_group_decorator.py took 0.073 seconds
