[2023-04-29T02:34:20.848+0000] {processor.py:153} INFO - Started process (PID=875) to work on /home/airflow/.local/lib/python3.7/site-packages/airflow/example_dags/example_xcomargs.py
[2023-04-29T02:34:20.849+0000] {processor.py:743} INFO - Processing file /home/airflow/.local/lib/python3.7/site-packages/airflow/example_dags/example_xcomargs.py for tasks to queue
[2023-04-29T02:34:20.849+0000] {logging_mixin.py:137} INFO - [2023-04-29T02:34:20.849+0000] {dagbag.py:532} INFO - Filling up the DagBag from /home/airflow/.local/lib/python3.7/site-packages/airflow/example_dags/example_xcomargs.py
[2023-04-29T02:34:20.862+0000] {processor.py:753} INFO - DAG(s) dict_keys(['example_xcom_args_with_operators', 'example_xcom_args']) retrieved from /home/airflow/.local/lib/python3.7/site-packages/airflow/example_dags/example_xcomargs.py
[2023-04-29T02:34:20.882+0000] {logging_mixin.py:137} INFO - [2023-04-29T02:34:20.882+0000] {dag.py:2705} INFO - Sync 2 DAGs
[2023-04-29T02:34:20.901+0000] {logging_mixin.py:137} INFO - [2023-04-29T02:34:20.900+0000] {dag.py:3456} INFO - Setting next_dagrun for example_xcom_args to None, run_after=None
[2023-04-29T02:34:20.903+0000] {logging_mixin.py:137} INFO - [2023-04-29T02:34:20.903+0000] {dag.py:3456} INFO - Setting next_dagrun for example_xcom_args_with_operators to None, run_after=None
[2023-04-29T02:34:20.913+0000] {processor.py:175} INFO - Processing /home/airflow/.local/lib/python3.7/site-packages/airflow/example_dags/example_xcomargs.py took 0.067 seconds
[2023-04-29T02:34:51.029+0000] {processor.py:153} INFO - Started process (PID=929) to work on /home/airflow/.local/lib/python3.7/site-packages/airflow/example_dags/example_xcomargs.py
[2023-04-29T02:34:51.030+0000] {processor.py:743} INFO - Processing file /home/airflow/.local/lib/python3.7/site-packages/airflow/example_dags/example_xcomargs.py for tasks to queue
[2023-04-29T02:34:51.030+0000] {logging_mixin.py:137} INFO - [2023-04-29T02:34:51.030+0000] {dagbag.py:532} INFO - Filling up the DagBag from /home/airflow/.local/lib/python3.7/site-packages/airflow/example_dags/example_xcomargs.py
[2023-04-29T02:34:51.044+0000] {processor.py:753} INFO - DAG(s) dict_keys(['example_xcom_args_with_operators', 'example_xcom_args']) retrieved from /home/airflow/.local/lib/python3.7/site-packages/airflow/example_dags/example_xcomargs.py
[2023-04-29T02:34:51.062+0000] {logging_mixin.py:137} INFO - [2023-04-29T02:34:51.062+0000] {dag.py:2705} INFO - Sync 2 DAGs
[2023-04-29T02:34:51.080+0000] {logging_mixin.py:137} INFO - [2023-04-29T02:34:51.080+0000] {dag.py:3456} INFO - Setting next_dagrun for example_xcom_args to None, run_after=None
[2023-04-29T02:34:51.082+0000] {logging_mixin.py:137} INFO - [2023-04-29T02:34:51.082+0000] {dag.py:3456} INFO - Setting next_dagrun for example_xcom_args_with_operators to None, run_after=None
[2023-04-29T02:34:51.093+0000] {processor.py:175} INFO - Processing /home/airflow/.local/lib/python3.7/site-packages/airflow/example_dags/example_xcomargs.py took 0.066 seconds
[2023-04-29T02:36:39.580+0000] {processor.py:153} INFO - Started process (PID=983) to work on /home/airflow/.local/lib/python3.7/site-packages/airflow/example_dags/example_xcomargs.py
[2023-04-29T02:36:39.580+0000] {processor.py:743} INFO - Processing file /home/airflow/.local/lib/python3.7/site-packages/airflow/example_dags/example_xcomargs.py for tasks to queue
[2023-04-29T02:36:39.581+0000] {logging_mixin.py:137} INFO - [2023-04-29T02:36:39.581+0000] {dagbag.py:532} INFO - Filling up the DagBag from /home/airflow/.local/lib/python3.7/site-packages/airflow/example_dags/example_xcomargs.py
[2023-04-29T02:36:39.598+0000] {processor.py:753} INFO - DAG(s) dict_keys(['example_xcom_args_with_operators', 'example_xcom_args']) retrieved from /home/airflow/.local/lib/python3.7/site-packages/airflow/example_dags/example_xcomargs.py
[2023-04-29T02:36:39.622+0000] {logging_mixin.py:137} INFO - [2023-04-29T02:36:39.622+0000] {dag.py:2705} INFO - Sync 2 DAGs
[2023-04-29T02:36:39.642+0000] {logging_mixin.py:137} INFO - [2023-04-29T02:36:39.642+0000] {dag.py:3456} INFO - Setting next_dagrun for example_xcom_args to None, run_after=None
[2023-04-29T02:36:39.644+0000] {logging_mixin.py:137} INFO - [2023-04-29T02:36:39.644+0000] {dag.py:3456} INFO - Setting next_dagrun for example_xcom_args_with_operators to None, run_after=None
[2023-04-29T02:36:39.661+0000] {processor.py:175} INFO - Processing /home/airflow/.local/lib/python3.7/site-packages/airflow/example_dags/example_xcomargs.py took 0.083 seconds
