[2023-04-29T02:34:20.926+0000] {processor.py:153} INFO - Started process (PID=877) to work on /home/airflow/.local/lib/python3.7/site-packages/airflow/example_dags/example_branch_python_dop_operator_3.py
[2023-04-29T02:34:20.926+0000] {processor.py:743} INFO - Processing file /home/airflow/.local/lib/python3.7/site-packages/airflow/example_dags/example_branch_python_dop_operator_3.py for tasks to queue
[2023-04-29T02:34:20.926+0000] {logging_mixin.py:137} INFO - [2023-04-29T02:34:20.926+0000] {dagbag.py:532} INFO - Filling up the DagBag from /home/airflow/.local/lib/python3.7/site-packages/airflow/example_dags/example_branch_python_dop_operator_3.py
[2023-04-29T02:34:20.940+0000] {processor.py:753} INFO - DAG(s) dict_keys(['example_branch_dop_operator_v3']) retrieved from /home/airflow/.local/lib/python3.7/site-packages/airflow/example_dags/example_branch_python_dop_operator_3.py
[2023-04-29T02:34:20.956+0000] {logging_mixin.py:137} INFO - [2023-04-29T02:34:20.956+0000] {dag.py:2705} INFO - Sync 1 DAGs
[2023-04-29T02:34:20.974+0000] {logging_mixin.py:137} INFO - [2023-04-29T02:34:20.974+0000] {dag.py:3456} INFO - Setting next_dagrun for example_branch_dop_operator_v3 to 2023-04-29T02:33:00+00:00, run_after=2023-04-29T02:34:00+00:00
[2023-04-29T02:34:20.986+0000] {processor.py:175} INFO - Processing /home/airflow/.local/lib/python3.7/site-packages/airflow/example_dags/example_branch_python_dop_operator_3.py took 0.062 seconds
[2023-04-29T02:34:51.106+0000] {processor.py:153} INFO - Started process (PID=931) to work on /home/airflow/.local/lib/python3.7/site-packages/airflow/example_dags/example_branch_python_dop_operator_3.py
[2023-04-29T02:34:51.106+0000] {processor.py:743} INFO - Processing file /home/airflow/.local/lib/python3.7/site-packages/airflow/example_dags/example_branch_python_dop_operator_3.py for tasks to queue
[2023-04-29T02:34:51.106+0000] {logging_mixin.py:137} INFO - [2023-04-29T02:34:51.106+0000] {dagbag.py:532} INFO - Filling up the DagBag from /home/airflow/.local/lib/python3.7/site-packages/airflow/example_dags/example_branch_python_dop_operator_3.py
[2023-04-29T02:34:51.118+0000] {processor.py:753} INFO - DAG(s) dict_keys(['example_branch_dop_operator_v3']) retrieved from /home/airflow/.local/lib/python3.7/site-packages/airflow/example_dags/example_branch_python_dop_operator_3.py
[2023-04-29T02:34:51.132+0000] {logging_mixin.py:137} INFO - [2023-04-29T02:34:51.132+0000] {dag.py:2705} INFO - Sync 1 DAGs
[2023-04-29T02:34:51.147+0000] {logging_mixin.py:137} INFO - [2023-04-29T02:34:51.147+0000] {dag.py:3456} INFO - Setting next_dagrun for example_branch_dop_operator_v3 to 2023-04-29T02:33:00+00:00, run_after=2023-04-29T02:34:00+00:00
[2023-04-29T02:34:51.159+0000] {processor.py:175} INFO - Processing /home/airflow/.local/lib/python3.7/site-packages/airflow/example_dags/example_branch_python_dop_operator_3.py took 0.055 seconds
[2023-04-29T02:36:39.675+0000] {processor.py:153} INFO - Started process (PID=985) to work on /home/airflow/.local/lib/python3.7/site-packages/airflow/example_dags/example_branch_python_dop_operator_3.py
[2023-04-29T02:36:39.676+0000] {processor.py:743} INFO - Processing file /home/airflow/.local/lib/python3.7/site-packages/airflow/example_dags/example_branch_python_dop_operator_3.py for tasks to queue
[2023-04-29T02:36:39.676+0000] {logging_mixin.py:137} INFO - [2023-04-29T02:36:39.676+0000] {dagbag.py:532} INFO - Filling up the DagBag from /home/airflow/.local/lib/python3.7/site-packages/airflow/example_dags/example_branch_python_dop_operator_3.py
[2023-04-29T02:36:39.690+0000] {processor.py:753} INFO - DAG(s) dict_keys(['example_branch_dop_operator_v3']) retrieved from /home/airflow/.local/lib/python3.7/site-packages/airflow/example_dags/example_branch_python_dop_operator_3.py
[2023-04-29T02:36:39.705+0000] {logging_mixin.py:137} INFO - [2023-04-29T02:36:39.704+0000] {dag.py:2705} INFO - Sync 1 DAGs
[2023-04-29T02:36:39.726+0000] {logging_mixin.py:137} INFO - [2023-04-29T02:36:39.726+0000] {dag.py:3456} INFO - Setting next_dagrun for example_branch_dop_operator_v3 to 2023-04-29T02:35:00+00:00, run_after=2023-04-29T02:36:00+00:00
[2023-04-29T02:36:39.741+0000] {processor.py:175} INFO - Processing /home/airflow/.local/lib/python3.7/site-packages/airflow/example_dags/example_branch_python_dop_operator_3.py took 0.068 seconds
