[2023-04-29T02:34:21.140+0000] {processor.py:153} INFO - Started process (PID=883) to work on /home/airflow/.local/lib/python3.7/site-packages/airflow/example_dags/example_branch_operator.py
[2023-04-29T02:34:21.140+0000] {processor.py:743} INFO - Processing file /home/airflow/.local/lib/python3.7/site-packages/airflow/example_dags/example_branch_operator.py for tasks to queue
[2023-04-29T02:34:21.141+0000] {logging_mixin.py:137} INFO - [2023-04-29T02:34:21.141+0000] {dagbag.py:532} INFO - Filling up the DagBag from /home/airflow/.local/lib/python3.7/site-packages/airflow/example_dags/example_branch_operator.py
[2023-04-29T02:34:21.150+0000] {processor.py:753} INFO - DAG(s) dict_keys(['example_branch_operator']) retrieved from /home/airflow/.local/lib/python3.7/site-packages/airflow/example_dags/example_branch_operator.py
[2023-04-29T02:34:21.166+0000] {logging_mixin.py:137} INFO - [2023-04-29T02:34:21.166+0000] {dag.py:2705} INFO - Sync 1 DAGs
[2023-04-29T02:34:21.183+0000] {logging_mixin.py:137} INFO - [2023-04-29T02:34:21.183+0000] {dag.py:3456} INFO - Setting next_dagrun for example_branch_operator to 2023-04-28T00:00:00+00:00, run_after=2023-04-29T00:00:00+00:00
[2023-04-29T02:34:21.197+0000] {processor.py:175} INFO - Processing /home/airflow/.local/lib/python3.7/site-packages/airflow/example_dags/example_branch_operator.py took 0.059 seconds
[2023-04-29T02:34:51.321+0000] {processor.py:153} INFO - Started process (PID=937) to work on /home/airflow/.local/lib/python3.7/site-packages/airflow/example_dags/example_branch_operator.py
[2023-04-29T02:34:51.321+0000] {processor.py:743} INFO - Processing file /home/airflow/.local/lib/python3.7/site-packages/airflow/example_dags/example_branch_operator.py for tasks to queue
[2023-04-29T02:34:51.321+0000] {logging_mixin.py:137} INFO - [2023-04-29T02:34:51.321+0000] {dagbag.py:532} INFO - Filling up the DagBag from /home/airflow/.local/lib/python3.7/site-packages/airflow/example_dags/example_branch_operator.py
[2023-04-29T02:34:51.331+0000] {processor.py:753} INFO - DAG(s) dict_keys(['example_branch_operator']) retrieved from /home/airflow/.local/lib/python3.7/site-packages/airflow/example_dags/example_branch_operator.py
[2023-04-29T02:34:51.350+0000] {logging_mixin.py:137} INFO - [2023-04-29T02:34:51.349+0000] {dag.py:2705} INFO - Sync 1 DAGs
[2023-04-29T02:34:51.365+0000] {logging_mixin.py:137} INFO - [2023-04-29T02:34:51.365+0000] {dag.py:3456} INFO - Setting next_dagrun for example_branch_operator to 2023-04-28T00:00:00+00:00, run_after=2023-04-29T00:00:00+00:00
[2023-04-29T02:34:51.376+0000] {processor.py:175} INFO - Processing /home/airflow/.local/lib/python3.7/site-packages/airflow/example_dags/example_branch_operator.py took 0.057 seconds
[2023-04-29T02:36:39.934+0000] {processor.py:153} INFO - Started process (PID=991) to work on /home/airflow/.local/lib/python3.7/site-packages/airflow/example_dags/example_branch_operator.py
[2023-04-29T02:36:39.934+0000] {processor.py:743} INFO - Processing file /home/airflow/.local/lib/python3.7/site-packages/airflow/example_dags/example_branch_operator.py for tasks to queue
[2023-04-29T02:36:39.935+0000] {logging_mixin.py:137} INFO - [2023-04-29T02:36:39.934+0000] {dagbag.py:532} INFO - Filling up the DagBag from /home/airflow/.local/lib/python3.7/site-packages/airflow/example_dags/example_branch_operator.py
[2023-04-29T02:36:39.945+0000] {processor.py:753} INFO - DAG(s) dict_keys(['example_branch_operator']) retrieved from /home/airflow/.local/lib/python3.7/site-packages/airflow/example_dags/example_branch_operator.py
[2023-04-29T02:36:39.969+0000] {logging_mixin.py:137} INFO - [2023-04-29T02:36:39.969+0000] {dag.py:2705} INFO - Sync 1 DAGs
[2023-04-29T02:36:39.988+0000] {logging_mixin.py:137} INFO - [2023-04-29T02:36:39.988+0000] {dag.py:3456} INFO - Setting next_dagrun for example_branch_operator to 2023-04-28T00:00:00+00:00, run_after=2023-04-29T00:00:00+00:00
[2023-04-29T02:36:40.003+0000] {processor.py:175} INFO - Processing /home/airflow/.local/lib/python3.7/site-packages/airflow/example_dags/example_branch_operator.py took 0.072 seconds
