[2023-04-29T02:34:20.765+0000] {processor.py:153} INFO - Started process (PID=873) to work on /home/airflow/.local/lib/python3.7/site-packages/airflow/example_dags/example_python_operator.py
[2023-04-29T02:34:20.766+0000] {processor.py:743} INFO - Processing file /home/airflow/.local/lib/python3.7/site-packages/airflow/example_dags/example_python_operator.py for tasks to queue
[2023-04-29T02:34:20.766+0000] {logging_mixin.py:137} INFO - [2023-04-29T02:34:20.766+0000] {dagbag.py:532} INFO - Filling up the DagBag from /home/airflow/.local/lib/python3.7/site-packages/airflow/example_dags/example_python_operator.py
[2023-04-29T02:34:20.779+0000] {logging_mixin.py:137} INFO - [2023-04-29T02:34:20.779+0000] {taskmixin.py:211} WARNING - Dependency <Task(_PythonDecoratedOperator): print_the_context>, log_sql_query already registered for DAG: example_python_operator
[2023-04-29T02:34:20.780+0000] {logging_mixin.py:137} INFO - [2023-04-29T02:34:20.780+0000] {taskmixin.py:211} WARNING - Dependency <Task(_PythonDecoratedOperator): log_sql_query>, print_the_context already registered for DAG: example_python_operator
[2023-04-29T02:34:20.780+0000] {logging_mixin.py:137} INFO - [2023-04-29T02:34:20.780+0000] {taskmixin.py:211} WARNING - Dependency <Task(_PythonDecoratedOperator): print_the_context>, log_sql_query already registered for DAG: example_python_operator
[2023-04-29T02:34:20.780+0000] {logging_mixin.py:137} INFO - [2023-04-29T02:34:20.780+0000] {taskmixin.py:211} WARNING - Dependency <Task(_PythonDecoratedOperator): log_sql_query>, print_the_context already registered for DAG: example_python_operator
[2023-04-29T02:34:20.781+0000] {logging_mixin.py:137} INFO - [2023-04-29T02:34:20.781+0000] {taskmixin.py:211} WARNING - Dependency <Task(_PythonDecoratedOperator): print_the_context>, log_sql_query already registered for DAG: example_python_operator
[2023-04-29T02:34:20.781+0000] {logging_mixin.py:137} INFO - [2023-04-29T02:34:20.781+0000] {taskmixin.py:211} WARNING - Dependency <Task(_PythonDecoratedOperator): log_sql_query>, print_the_context already registered for DAG: example_python_operator
[2023-04-29T02:34:20.782+0000] {logging_mixin.py:137} INFO - [2023-04-29T02:34:20.781+0000] {taskmixin.py:211} WARNING - Dependency <Task(_PythonDecoratedOperator): print_the_context>, log_sql_query already registered for DAG: example_python_operator
[2023-04-29T02:34:20.782+0000] {logging_mixin.py:137} INFO - [2023-04-29T02:34:20.782+0000] {taskmixin.py:211} WARNING - Dependency <Task(_PythonDecoratedOperator): log_sql_query>, print_the_context already registered for DAG: example_python_operator
[2023-04-29T02:34:20.787+0000] {processor.py:753} INFO - DAG(s) dict_keys(['example_python_operator']) retrieved from /home/airflow/.local/lib/python3.7/site-packages/airflow/example_dags/example_python_operator.py
[2023-04-29T02:34:20.804+0000] {logging_mixin.py:137} INFO - [2023-04-29T02:34:20.804+0000] {dag.py:2705} INFO - Sync 1 DAGs
[2023-04-29T02:34:20.820+0000] {logging_mixin.py:137} INFO - [2023-04-29T02:34:20.820+0000] {dag.py:3456} INFO - Setting next_dagrun for example_python_operator to None, run_after=None
[2023-04-29T02:34:20.836+0000] {processor.py:175} INFO - Processing /home/airflow/.local/lib/python3.7/site-packages/airflow/example_dags/example_python_operator.py took 0.072 seconds
[2023-04-29T02:34:50.954+0000] {processor.py:153} INFO - Started process (PID=927) to work on /home/airflow/.local/lib/python3.7/site-packages/airflow/example_dags/example_python_operator.py
[2023-04-29T02:34:50.954+0000] {processor.py:743} INFO - Processing file /home/airflow/.local/lib/python3.7/site-packages/airflow/example_dags/example_python_operator.py for tasks to queue
[2023-04-29T02:34:50.955+0000] {logging_mixin.py:137} INFO - [2023-04-29T02:34:50.955+0000] {dagbag.py:532} INFO - Filling up the DagBag from /home/airflow/.local/lib/python3.7/site-packages/airflow/example_dags/example_python_operator.py
[2023-04-29T02:34:50.965+0000] {logging_mixin.py:137} INFO - [2023-04-29T02:34:50.965+0000] {taskmixin.py:211} WARNING - Dependency <Task(_PythonDecoratedOperator): print_the_context>, log_sql_query already registered for DAG: example_python_operator
[2023-04-29T02:34:50.965+0000] {logging_mixin.py:137} INFO - [2023-04-29T02:34:50.965+0000] {taskmixin.py:211} WARNING - Dependency <Task(_PythonDecoratedOperator): log_sql_query>, print_the_context already registered for DAG: example_python_operator
[2023-04-29T02:34:50.966+0000] {logging_mixin.py:137} INFO - [2023-04-29T02:34:50.965+0000] {taskmixin.py:211} WARNING - Dependency <Task(_PythonDecoratedOperator): print_the_context>, log_sql_query already registered for DAG: example_python_operator
[2023-04-29T02:34:50.966+0000] {logging_mixin.py:137} INFO - [2023-04-29T02:34:50.966+0000] {taskmixin.py:211} WARNING - Dependency <Task(_PythonDecoratedOperator): log_sql_query>, print_the_context already registered for DAG: example_python_operator
[2023-04-29T02:34:50.966+0000] {logging_mixin.py:137} INFO - [2023-04-29T02:34:50.966+0000] {taskmixin.py:211} WARNING - Dependency <Task(_PythonDecoratedOperator): print_the_context>, log_sql_query already registered for DAG: example_python_operator
[2023-04-29T02:34:50.966+0000] {logging_mixin.py:137} INFO - [2023-04-29T02:34:50.966+0000] {taskmixin.py:211} WARNING - Dependency <Task(_PythonDecoratedOperator): log_sql_query>, print_the_context already registered for DAG: example_python_operator
[2023-04-29T02:34:50.966+0000] {logging_mixin.py:137} INFO - [2023-04-29T02:34:50.966+0000] {taskmixin.py:211} WARNING - Dependency <Task(_PythonDecoratedOperator): print_the_context>, log_sql_query already registered for DAG: example_python_operator
[2023-04-29T02:34:50.966+0000] {logging_mixin.py:137} INFO - [2023-04-29T02:34:50.966+0000] {taskmixin.py:211} WARNING - Dependency <Task(_PythonDecoratedOperator): log_sql_query>, print_the_context already registered for DAG: example_python_operator
[2023-04-29T02:34:50.970+0000] {processor.py:753} INFO - DAG(s) dict_keys(['example_python_operator']) retrieved from /home/airflow/.local/lib/python3.7/site-packages/airflow/example_dags/example_python_operator.py
[2023-04-29T02:34:50.988+0000] {logging_mixin.py:137} INFO - [2023-04-29T02:34:50.987+0000] {dag.py:2705} INFO - Sync 1 DAGs
[2023-04-29T02:34:51.003+0000] {logging_mixin.py:137} INFO - [2023-04-29T02:34:51.003+0000] {dag.py:3456} INFO - Setting next_dagrun for example_python_operator to None, run_after=None
[2023-04-29T02:34:51.016+0000] {processor.py:175} INFO - Processing /home/airflow/.local/lib/python3.7/site-packages/airflow/example_dags/example_python_operator.py took 0.064 seconds
[2023-04-29T02:36:39.473+0000] {processor.py:153} INFO - Started process (PID=981) to work on /home/airflow/.local/lib/python3.7/site-packages/airflow/example_dags/example_python_operator.py
[2023-04-29T02:36:39.474+0000] {processor.py:743} INFO - Processing file /home/airflow/.local/lib/python3.7/site-packages/airflow/example_dags/example_python_operator.py for tasks to queue
[2023-04-29T02:36:39.474+0000] {logging_mixin.py:137} INFO - [2023-04-29T02:36:39.474+0000] {dagbag.py:532} INFO - Filling up the DagBag from /home/airflow/.local/lib/python3.7/site-packages/airflow/example_dags/example_python_operator.py
[2023-04-29T02:36:39.490+0000] {logging_mixin.py:137} INFO - [2023-04-29T02:36:39.490+0000] {taskmixin.py:211} WARNING - Dependency <Task(_PythonDecoratedOperator): print_the_context>, log_sql_query already registered for DAG: example_python_operator
[2023-04-29T02:36:39.490+0000] {logging_mixin.py:137} INFO - [2023-04-29T02:36:39.490+0000] {taskmixin.py:211} WARNING - Dependency <Task(_PythonDecoratedOperator): log_sql_query>, print_the_context already registered for DAG: example_python_operator
[2023-04-29T02:36:39.491+0000] {logging_mixin.py:137} INFO - [2023-04-29T02:36:39.491+0000] {taskmixin.py:211} WARNING - Dependency <Task(_PythonDecoratedOperator): print_the_context>, log_sql_query already registered for DAG: example_python_operator
[2023-04-29T02:36:39.491+0000] {logging_mixin.py:137} INFO - [2023-04-29T02:36:39.491+0000] {taskmixin.py:211} WARNING - Dependency <Task(_PythonDecoratedOperator): log_sql_query>, print_the_context already registered for DAG: example_python_operator
[2023-04-29T02:36:39.491+0000] {logging_mixin.py:137} INFO - [2023-04-29T02:36:39.491+0000] {taskmixin.py:211} WARNING - Dependency <Task(_PythonDecoratedOperator): print_the_context>, log_sql_query already registered for DAG: example_python_operator
[2023-04-29T02:36:39.492+0000] {logging_mixin.py:137} INFO - [2023-04-29T02:36:39.492+0000] {taskmixin.py:211} WARNING - Dependency <Task(_PythonDecoratedOperator): log_sql_query>, print_the_context already registered for DAG: example_python_operator
[2023-04-29T02:36:39.492+0000] {logging_mixin.py:137} INFO - [2023-04-29T02:36:39.492+0000] {taskmixin.py:211} WARNING - Dependency <Task(_PythonDecoratedOperator): print_the_context>, log_sql_query already registered for DAG: example_python_operator
[2023-04-29T02:36:39.492+0000] {logging_mixin.py:137} INFO - [2023-04-29T02:36:39.492+0000] {taskmixin.py:211} WARNING - Dependency <Task(_PythonDecoratedOperator): log_sql_query>, print_the_context already registered for DAG: example_python_operator
[2023-04-29T02:36:39.497+0000] {processor.py:753} INFO - DAG(s) dict_keys(['example_python_operator']) retrieved from /home/airflow/.local/lib/python3.7/site-packages/airflow/example_dags/example_python_operator.py
[2023-04-29T02:36:39.521+0000] {logging_mixin.py:137} INFO - [2023-04-29T02:36:39.520+0000] {dag.py:2705} INFO - Sync 1 DAGs
[2023-04-29T02:36:39.545+0000] {logging_mixin.py:137} INFO - [2023-04-29T02:36:39.545+0000] {dag.py:3456} INFO - Setting next_dagrun for example_python_operator to None, run_after=None
[2023-04-29T02:36:39.564+0000] {processor.py:175} INFO - Processing /home/airflow/.local/lib/python3.7/site-packages/airflow/example_dags/example_python_operator.py took 0.094 seconds
