[2023-04-29T02:34:21.168+0000] {processor.py:153} INFO - Started process (PID=884) to work on /home/airflow/.local/lib/python3.7/site-packages/airflow/example_dags/example_subdag_operator.py
[2023-04-29T02:34:21.168+0000] {processor.py:743} INFO - Processing file /home/airflow/.local/lib/python3.7/site-packages/airflow/example_dags/example_subdag_operator.py for tasks to queue
[2023-04-29T02:34:21.169+0000] {logging_mixin.py:137} INFO - [2023-04-29T02:34:21.168+0000] {dagbag.py:532} INFO - Filling up the DagBag from /home/airflow/.local/lib/python3.7/site-packages/airflow/example_dags/example_subdag_operator.py
[2023-04-29T02:34:21.197+0000] {processor.py:753} INFO - DAG(s) dict_keys(['example_subdag_operator.section-1', 'example_subdag_operator.section-2', 'example_subdag_operator']) retrieved from /home/airflow/.local/lib/python3.7/site-packages/airflow/example_dags/example_subdag_operator.py
[2023-04-29T02:34:21.209+0000] {logging_mixin.py:137} INFO - [2023-04-29T02:34:21.209+0000] {dag.py:2705} INFO - Sync 3 DAGs
[2023-04-29T02:34:21.225+0000] {logging_mixin.py:137} INFO - [2023-04-29T02:34:21.225+0000] {dag.py:3456} INFO - Setting next_dagrun for example_subdag_operator to 2022-01-01T00:00:00+00:00, run_after=2022-01-01T00:00:00+00:00
[2023-04-29T02:34:21.227+0000] {logging_mixin.py:137} INFO - [2023-04-29T02:34:21.227+0000] {dag.py:3456} INFO - Setting next_dagrun for example_subdag_operator.section-1 to None, run_after=None
[2023-04-29T02:34:21.228+0000] {logging_mixin.py:137} INFO - [2023-04-29T02:34:21.228+0000] {dag.py:3456} INFO - Setting next_dagrun for example_subdag_operator.section-2 to None, run_after=None
[2023-04-29T02:34:21.233+0000] {logging_mixin.py:137} INFO - [2023-04-29T02:34:21.233+0000] {dag.py:2705} INFO - Sync 2 DAGs
[2023-04-29T02:34:21.237+0000] {logging_mixin.py:137} INFO - [2023-04-29T02:34:21.237+0000] {dag.py:3456} INFO - Setting next_dagrun for example_subdag_operator.section-1 to None, run_after=None
[2023-04-29T02:34:21.237+0000] {logging_mixin.py:137} INFO - [2023-04-29T02:34:21.237+0000] {dag.py:3456} INFO - Setting next_dagrun for example_subdag_operator.section-2 to None, run_after=None
[2023-04-29T02:34:21.246+0000] {processor.py:175} INFO - Processing /home/airflow/.local/lib/python3.7/site-packages/airflow/example_dags/example_subdag_operator.py took 0.080 seconds
[2023-04-29T02:34:51.384+0000] {processor.py:153} INFO - Started process (PID=938) to work on /home/airflow/.local/lib/python3.7/site-packages/airflow/example_dags/example_subdag_operator.py
[2023-04-29T02:34:51.384+0000] {processor.py:743} INFO - Processing file /home/airflow/.local/lib/python3.7/site-packages/airflow/example_dags/example_subdag_operator.py for tasks to queue
[2023-04-29T02:34:51.385+0000] {logging_mixin.py:137} INFO - [2023-04-29T02:34:51.385+0000] {dagbag.py:532} INFO - Filling up the DagBag from /home/airflow/.local/lib/python3.7/site-packages/airflow/example_dags/example_subdag_operator.py
[2023-04-29T02:34:51.401+0000] {processor.py:753} INFO - DAG(s) dict_keys(['example_subdag_operator.section-1', 'example_subdag_operator.section-2', 'example_subdag_operator']) retrieved from /home/airflow/.local/lib/python3.7/site-packages/airflow/example_dags/example_subdag_operator.py
[2023-04-29T02:34:51.412+0000] {logging_mixin.py:137} INFO - [2023-04-29T02:34:51.412+0000] {dag.py:2705} INFO - Sync 3 DAGs
[2023-04-29T02:34:51.425+0000] {logging_mixin.py:137} INFO - [2023-04-29T02:34:51.425+0000] {dag.py:3456} INFO - Setting next_dagrun for example_subdag_operator to 2022-01-01T00:00:00+00:00, run_after=2022-01-01T00:00:00+00:00
[2023-04-29T02:34:51.427+0000] {logging_mixin.py:137} INFO - [2023-04-29T02:34:51.427+0000] {dag.py:3456} INFO - Setting next_dagrun for example_subdag_operator.section-1 to None, run_after=None
[2023-04-29T02:34:51.427+0000] {logging_mixin.py:137} INFO - [2023-04-29T02:34:51.427+0000] {dag.py:3456} INFO - Setting next_dagrun for example_subdag_operator.section-2 to None, run_after=None
[2023-04-29T02:34:51.431+0000] {logging_mixin.py:137} INFO - [2023-04-29T02:34:51.431+0000] {dag.py:2705} INFO - Sync 2 DAGs
[2023-04-29T02:34:51.434+0000] {logging_mixin.py:137} INFO - [2023-04-29T02:34:51.434+0000] {dag.py:3456} INFO - Setting next_dagrun for example_subdag_operator.section-1 to None, run_after=None
[2023-04-29T02:34:51.434+0000] {logging_mixin.py:137} INFO - [2023-04-29T02:34:51.434+0000] {dag.py:3456} INFO - Setting next_dagrun for example_subdag_operator.section-2 to None, run_after=None
[2023-04-29T02:34:51.442+0000] {processor.py:175} INFO - Processing /home/airflow/.local/lib/python3.7/site-packages/airflow/example_dags/example_subdag_operator.py took 0.060 seconds
[2023-04-29T02:36:39.954+0000] {processor.py:153} INFO - Started process (PID=992) to work on /home/airflow/.local/lib/python3.7/site-packages/airflow/example_dags/example_subdag_operator.py
[2023-04-29T02:36:39.954+0000] {processor.py:743} INFO - Processing file /home/airflow/.local/lib/python3.7/site-packages/airflow/example_dags/example_subdag_operator.py for tasks to queue
[2023-04-29T02:36:39.955+0000] {logging_mixin.py:137} INFO - [2023-04-29T02:36:39.955+0000] {dagbag.py:532} INFO - Filling up the DagBag from /home/airflow/.local/lib/python3.7/site-packages/airflow/example_dags/example_subdag_operator.py
[2023-04-29T02:36:39.977+0000] {processor.py:753} INFO - DAG(s) dict_keys(['example_subdag_operator.section-1', 'example_subdag_operator.section-2', 'example_subdag_operator']) retrieved from /home/airflow/.local/lib/python3.7/site-packages/airflow/example_dags/example_subdag_operator.py
[2023-04-29T02:36:39.995+0000] {logging_mixin.py:137} INFO - [2023-04-29T02:36:39.995+0000] {dag.py:2705} INFO - Sync 3 DAGs
[2023-04-29T02:36:40.019+0000] {logging_mixin.py:137} INFO - [2023-04-29T02:36:40.019+0000] {dag.py:3456} INFO - Setting next_dagrun for example_subdag_operator to 2022-01-01T00:00:00+00:00, run_after=2022-01-01T00:00:00+00:00
[2023-04-29T02:36:40.023+0000] {logging_mixin.py:137} INFO - [2023-04-29T02:36:40.022+0000] {dag.py:3456} INFO - Setting next_dagrun for example_subdag_operator.section-1 to None, run_after=None
[2023-04-29T02:36:40.024+0000] {logging_mixin.py:137} INFO - [2023-04-29T02:36:40.024+0000] {dag.py:3456} INFO - Setting next_dagrun for example_subdag_operator.section-2 to None, run_after=None
[2023-04-29T02:36:40.031+0000] {logging_mixin.py:137} INFO - [2023-04-29T02:36:40.031+0000] {dag.py:2705} INFO - Sync 2 DAGs
[2023-04-29T02:36:40.037+0000] {logging_mixin.py:137} INFO - [2023-04-29T02:36:40.036+0000] {dag.py:3456} INFO - Setting next_dagrun for example_subdag_operator.section-1 to None, run_after=None
[2023-04-29T02:36:40.037+0000] {logging_mixin.py:137} INFO - [2023-04-29T02:36:40.037+0000] {dag.py:3456} INFO - Setting next_dagrun for example_subdag_operator.section-2 to None, run_after=None
[2023-04-29T02:36:40.048+0000] {processor.py:175} INFO - Processing /home/airflow/.local/lib/python3.7/site-packages/airflow/example_dags/example_subdag_operator.py took 0.095 seconds
