[2023-04-29T02:34:20.394+0000] {processor.py:153} INFO - Started process (PID=865) to work on /home/airflow/.local/lib/python3.7/site-packages/airflow/example_dags/example_kubernetes_executor.py
[2023-04-29T02:34:20.394+0000] {processor.py:743} INFO - Processing file /home/airflow/.local/lib/python3.7/site-packages/airflow/example_dags/example_kubernetes_executor.py for tasks to queue
[2023-04-29T02:34:20.394+0000] {logging_mixin.py:137} INFO - [2023-04-29T02:34:20.394+0000] {dagbag.py:532} INFO - Filling up the DagBag from /home/airflow/.local/lib/python3.7/site-packages/airflow/example_dags/example_kubernetes_executor.py
[2023-04-29T02:34:20.408+0000] {processor.py:753} INFO - DAG(s) dict_keys(['example_kubernetes_executor']) retrieved from /home/airflow/.local/lib/python3.7/site-packages/airflow/example_dags/example_kubernetes_executor.py
[2023-04-29T02:34:20.427+0000] {logging_mixin.py:137} INFO - [2023-04-29T02:34:20.427+0000] {dag.py:2705} INFO - Sync 1 DAGs
[2023-04-29T02:34:20.442+0000] {logging_mixin.py:137} INFO - [2023-04-29T02:34:20.442+0000] {dag.py:3456} INFO - Setting next_dagrun for example_kubernetes_executor to None, run_after=None
[2023-04-29T02:34:20.455+0000] {processor.py:175} INFO - Processing /home/airflow/.local/lib/python3.7/site-packages/airflow/example_dags/example_kubernetes_executor.py took 0.063 seconds
[2023-04-29T02:34:50.513+0000] {processor.py:153} INFO - Started process (PID=919) to work on /home/airflow/.local/lib/python3.7/site-packages/airflow/example_dags/example_kubernetes_executor.py
[2023-04-29T02:34:50.514+0000] {processor.py:743} INFO - Processing file /home/airflow/.local/lib/python3.7/site-packages/airflow/example_dags/example_kubernetes_executor.py for tasks to queue
[2023-04-29T02:34:50.514+0000] {logging_mixin.py:137} INFO - [2023-04-29T02:34:50.514+0000] {dagbag.py:532} INFO - Filling up the DagBag from /home/airflow/.local/lib/python3.7/site-packages/airflow/example_dags/example_kubernetes_executor.py
[2023-04-29T02:34:50.530+0000] {processor.py:753} INFO - DAG(s) dict_keys(['example_kubernetes_executor']) retrieved from /home/airflow/.local/lib/python3.7/site-packages/airflow/example_dags/example_kubernetes_executor.py
[2023-04-29T02:34:50.548+0000] {logging_mixin.py:137} INFO - [2023-04-29T02:34:50.548+0000] {dag.py:2705} INFO - Sync 1 DAGs
[2023-04-29T02:34:50.565+0000] {logging_mixin.py:137} INFO - [2023-04-29T02:34:50.565+0000] {dag.py:3456} INFO - Setting next_dagrun for example_kubernetes_executor to None, run_after=None
[2023-04-29T02:34:50.580+0000] {processor.py:175} INFO - Processing /home/airflow/.local/lib/python3.7/site-packages/airflow/example_dags/example_kubernetes_executor.py took 0.069 seconds
[2023-04-29T02:36:39.062+0000] {processor.py:153} INFO - Started process (PID=973) to work on /home/airflow/.local/lib/python3.7/site-packages/airflow/example_dags/example_kubernetes_executor.py
[2023-04-29T02:36:39.062+0000] {processor.py:743} INFO - Processing file /home/airflow/.local/lib/python3.7/site-packages/airflow/example_dags/example_kubernetes_executor.py for tasks to queue
[2023-04-29T02:36:39.063+0000] {logging_mixin.py:137} INFO - [2023-04-29T02:36:39.063+0000] {dagbag.py:532} INFO - Filling up the DagBag from /home/airflow/.local/lib/python3.7/site-packages/airflow/example_dags/example_kubernetes_executor.py
[2023-04-29T02:36:39.081+0000] {processor.py:753} INFO - DAG(s) dict_keys(['example_kubernetes_executor']) retrieved from /home/airflow/.local/lib/python3.7/site-packages/airflow/example_dags/example_kubernetes_executor.py
[2023-04-29T02:36:39.106+0000] {logging_mixin.py:137} INFO - [2023-04-29T02:36:39.106+0000] {dag.py:2705} INFO - Sync 1 DAGs
[2023-04-29T02:36:39.129+0000] {logging_mixin.py:137} INFO - [2023-04-29T02:36:39.129+0000] {dag.py:3456} INFO - Setting next_dagrun for example_kubernetes_executor to None, run_after=None
[2023-04-29T02:36:39.148+0000] {processor.py:175} INFO - Processing /home/airflow/.local/lib/python3.7/site-packages/airflow/example_dags/example_kubernetes_executor.py took 0.088 seconds
