[2023-04-29T02:34:19.711+0000] {processor.py:153} INFO - Started process (PID=854) to work on /home/airflow/.local/lib/python3.7/site-packages/airflow/example_dags/example_short_circuit_operator.py
[2023-04-29T02:34:19.712+0000] {processor.py:743} INFO - Processing file /home/airflow/.local/lib/python3.7/site-packages/airflow/example_dags/example_short_circuit_operator.py for tasks to queue
[2023-04-29T02:34:19.713+0000] {logging_mixin.py:137} INFO - [2023-04-29T02:34:19.712+0000] {dagbag.py:532} INFO - Filling up the DagBag from /home/airflow/.local/lib/python3.7/site-packages/airflow/example_dags/example_short_circuit_operator.py
[2023-04-29T02:34:19.729+0000] {processor.py:753} INFO - DAG(s) dict_keys(['example_short_circuit_operator']) retrieved from /home/airflow/.local/lib/python3.7/site-packages/airflow/example_dags/example_short_circuit_operator.py
[2023-04-29T02:34:19.759+0000] {logging_mixin.py:137} INFO - [2023-04-29T02:34:19.759+0000] {dag.py:2705} INFO - Sync 1 DAGs
[2023-04-29T02:34:19.784+0000] {logging_mixin.py:137} INFO - [2023-04-29T02:34:19.783+0000] {dag.py:3456} INFO - Setting next_dagrun for example_short_circuit_operator to 2023-04-28T02:34:19.783606+00:00, run_after=2023-04-29T02:34:19.783606+00:00
[2023-04-29T02:34:19.807+0000] {processor.py:175} INFO - Processing /home/airflow/.local/lib/python3.7/site-packages/airflow/example_dags/example_short_circuit_operator.py took 0.100 seconds
[2023-04-29T02:34:50.010+0000] {processor.py:153} INFO - Started process (PID=908) to work on /home/airflow/.local/lib/python3.7/site-packages/airflow/example_dags/example_short_circuit_operator.py
[2023-04-29T02:34:50.010+0000] {processor.py:743} INFO - Processing file /home/airflow/.local/lib/python3.7/site-packages/airflow/example_dags/example_short_circuit_operator.py for tasks to queue
[2023-04-29T02:34:50.011+0000] {logging_mixin.py:137} INFO - [2023-04-29T02:34:50.011+0000] {dagbag.py:532} INFO - Filling up the DagBag from /home/airflow/.local/lib/python3.7/site-packages/airflow/example_dags/example_short_circuit_operator.py
[2023-04-29T02:34:50.019+0000] {processor.py:753} INFO - DAG(s) dict_keys(['example_short_circuit_operator']) retrieved from /home/airflow/.local/lib/python3.7/site-packages/airflow/example_dags/example_short_circuit_operator.py
[2023-04-29T02:34:50.041+0000] {logging_mixin.py:137} INFO - [2023-04-29T02:34:50.041+0000] {dag.py:2705} INFO - Sync 1 DAGs
[2023-04-29T02:34:50.064+0000] {logging_mixin.py:137} INFO - [2023-04-29T02:34:50.064+0000] {dag.py:3456} INFO - Setting next_dagrun for example_short_circuit_operator to 2023-04-28T02:34:50.064021+00:00, run_after=2023-04-29T02:34:50.064021+00:00
[2023-04-29T02:34:50.081+0000] {processor.py:175} INFO - Processing /home/airflow/.local/lib/python3.7/site-packages/airflow/example_dags/example_short_circuit_operator.py took 0.073 seconds
[2023-04-29T02:36:38.571+0000] {processor.py:153} INFO - Started process (PID=962) to work on /home/airflow/.local/lib/python3.7/site-packages/airflow/example_dags/example_short_circuit_operator.py
[2023-04-29T02:36:38.571+0000] {processor.py:743} INFO - Processing file /home/airflow/.local/lib/python3.7/site-packages/airflow/example_dags/example_short_circuit_operator.py for tasks to queue
[2023-04-29T02:36:38.571+0000] {logging_mixin.py:137} INFO - [2023-04-29T02:36:38.571+0000] {dagbag.py:532} INFO - Filling up the DagBag from /home/airflow/.local/lib/python3.7/site-packages/airflow/example_dags/example_short_circuit_operator.py
[2023-04-29T02:36:38.580+0000] {processor.py:753} INFO - DAG(s) dict_keys(['example_short_circuit_operator']) retrieved from /home/airflow/.local/lib/python3.7/site-packages/airflow/example_dags/example_short_circuit_operator.py
[2023-04-29T02:36:38.601+0000] {logging_mixin.py:137} INFO - [2023-04-29T02:36:38.601+0000] {dag.py:2705} INFO - Sync 1 DAGs
[2023-04-29T02:36:38.620+0000] {logging_mixin.py:137} INFO - [2023-04-29T02:36:38.619+0000] {dag.py:3456} INFO - Setting next_dagrun for example_short_circuit_operator to 2023-04-28T02:36:38.619827+00:00, run_after=2023-04-29T02:36:38.619827+00:00
[2023-04-29T02:36:38.632+0000] {processor.py:175} INFO - Processing /home/airflow/.local/lib/python3.7/site-packages/airflow/example_dags/example_short_circuit_operator.py took 0.064 seconds
