[2023-04-29T02:34:20.878+0000] {processor.py:153} INFO - Started process (PID=876) to work on /home/airflow/.local/lib/python3.7/site-packages/airflow/example_dags/example_xcom.py
[2023-04-29T02:34:20.878+0000] {processor.py:743} INFO - Processing file /home/airflow/.local/lib/python3.7/site-packages/airflow/example_dags/example_xcom.py for tasks to queue
[2023-04-29T02:34:20.878+0000] {logging_mixin.py:137} INFO - [2023-04-29T02:34:20.878+0000] {dagbag.py:532} INFO - Filling up the DagBag from /home/airflow/.local/lib/python3.7/site-packages/airflow/example_dags/example_xcom.py
[2023-04-29T02:34:20.891+0000] {processor.py:753} INFO - DAG(s) dict_keys(['example_xcom']) retrieved from /home/airflow/.local/lib/python3.7/site-packages/airflow/example_dags/example_xcom.py
[2023-04-29T02:34:20.908+0000] {logging_mixin.py:137} INFO - [2023-04-29T02:34:20.908+0000] {dag.py:2705} INFO - Sync 1 DAGs
[2023-04-29T02:34:20.923+0000] {logging_mixin.py:137} INFO - [2023-04-29T02:34:20.923+0000] {dag.py:3456} INFO - Setting next_dagrun for example_xcom to 2021-01-01T00:00:00+00:00, run_after=2021-01-01T00:00:00+00:00
[2023-04-29T02:34:20.936+0000] {processor.py:175} INFO - Processing /home/airflow/.local/lib/python3.7/site-packages/airflow/example_dags/example_xcom.py took 0.060 seconds
[2023-04-29T02:34:51.037+0000] {processor.py:153} INFO - Started process (PID=930) to work on /home/airflow/.local/lib/python3.7/site-packages/airflow/example_dags/example_xcom.py
[2023-04-29T02:34:51.038+0000] {processor.py:743} INFO - Processing file /home/airflow/.local/lib/python3.7/site-packages/airflow/example_dags/example_xcom.py for tasks to queue
[2023-04-29T02:34:51.038+0000] {logging_mixin.py:137} INFO - [2023-04-29T02:34:51.038+0000] {dagbag.py:532} INFO - Filling up the DagBag from /home/airflow/.local/lib/python3.7/site-packages/airflow/example_dags/example_xcom.py
[2023-04-29T02:34:51.051+0000] {processor.py:753} INFO - DAG(s) dict_keys(['example_xcom']) retrieved from /home/airflow/.local/lib/python3.7/site-packages/airflow/example_dags/example_xcom.py
[2023-04-29T02:34:51.067+0000] {logging_mixin.py:137} INFO - [2023-04-29T02:34:51.067+0000] {dag.py:2705} INFO - Sync 1 DAGs
[2023-04-29T02:34:51.081+0000] {logging_mixin.py:137} INFO - [2023-04-29T02:34:51.081+0000] {dag.py:3456} INFO - Setting next_dagrun for example_xcom to 2021-01-01T00:00:00+00:00, run_after=2021-01-01T00:00:00+00:00
[2023-04-29T02:34:51.096+0000] {processor.py:175} INFO - Processing /home/airflow/.local/lib/python3.7/site-packages/airflow/example_dags/example_xcom.py took 0.061 seconds
[2023-04-29T02:36:39.605+0000] {processor.py:153} INFO - Started process (PID=984) to work on /home/airflow/.local/lib/python3.7/site-packages/airflow/example_dags/example_xcom.py
[2023-04-29T02:36:39.606+0000] {processor.py:743} INFO - Processing file /home/airflow/.local/lib/python3.7/site-packages/airflow/example_dags/example_xcom.py for tasks to queue
[2023-04-29T02:36:39.606+0000] {logging_mixin.py:137} INFO - [2023-04-29T02:36:39.606+0000] {dagbag.py:532} INFO - Filling up the DagBag from /home/airflow/.local/lib/python3.7/site-packages/airflow/example_dags/example_xcom.py
[2023-04-29T02:36:39.621+0000] {processor.py:753} INFO - DAG(s) dict_keys(['example_xcom']) retrieved from /home/airflow/.local/lib/python3.7/site-packages/airflow/example_dags/example_xcom.py
[2023-04-29T02:36:39.638+0000] {logging_mixin.py:137} INFO - [2023-04-29T02:36:39.638+0000] {dag.py:2705} INFO - Sync 1 DAGs
[2023-04-29T02:36:39.658+0000] {logging_mixin.py:137} INFO - [2023-04-29T02:36:39.657+0000] {dag.py:3456} INFO - Setting next_dagrun for example_xcom to 2021-01-01T00:00:00+00:00, run_after=2021-01-01T00:00:00+00:00
[2023-04-29T02:36:39.672+0000] {processor.py:175} INFO - Processing /home/airflow/.local/lib/python3.7/site-packages/airflow/example_dags/example_xcom.py took 0.069 seconds
