[2023-04-29T02:34:20.695+0000] {processor.py:153} INFO - Started process (PID=871) to work on /home/airflow/.local/lib/python3.7/site-packages/airflow/example_dags/example_task_group.py
[2023-04-29T02:34:20.696+0000] {processor.py:743} INFO - Processing file /home/airflow/.local/lib/python3.7/site-packages/airflow/example_dags/example_task_group.py for tasks to queue
[2023-04-29T02:34:20.696+0000] {logging_mixin.py:137} INFO - [2023-04-29T02:34:20.696+0000] {dagbag.py:532} INFO - Filling up the DagBag from /home/airflow/.local/lib/python3.7/site-packages/airflow/example_dags/example_task_group.py
[2023-04-29T02:34:20.704+0000] {processor.py:753} INFO - DAG(s) dict_keys(['example_task_group']) retrieved from /home/airflow/.local/lib/python3.7/site-packages/airflow/example_dags/example_task_group.py
[2023-04-29T02:34:20.719+0000] {logging_mixin.py:137} INFO - [2023-04-29T02:34:20.719+0000] {dag.py:2705} INFO - Sync 1 DAGs
[2023-04-29T02:34:20.736+0000] {logging_mixin.py:137} INFO - [2023-04-29T02:34:20.736+0000] {dag.py:3456} INFO - Setting next_dagrun for example_task_group to 2023-04-28T02:34:20.736251+00:00, run_after=2023-04-29T02:34:20.736251+00:00
[2023-04-29T02:34:20.754+0000] {processor.py:175} INFO - Processing /home/airflow/.local/lib/python3.7/site-packages/airflow/example_dags/example_task_group.py took 0.060 seconds
[2023-04-29T02:34:50.869+0000] {processor.py:153} INFO - Started process (PID=925) to work on /home/airflow/.local/lib/python3.7/site-packages/airflow/example_dags/example_task_group.py
[2023-04-29T02:34:50.870+0000] {processor.py:743} INFO - Processing file /home/airflow/.local/lib/python3.7/site-packages/airflow/example_dags/example_task_group.py for tasks to queue
[2023-04-29T02:34:50.870+0000] {logging_mixin.py:137} INFO - [2023-04-29T02:34:50.870+0000] {dagbag.py:532} INFO - Filling up the DagBag from /home/airflow/.local/lib/python3.7/site-packages/airflow/example_dags/example_task_group.py
[2023-04-29T02:34:50.880+0000] {processor.py:753} INFO - DAG(s) dict_keys(['example_task_group']) retrieved from /home/airflow/.local/lib/python3.7/site-packages/airflow/example_dags/example_task_group.py
[2023-04-29T02:34:50.902+0000] {logging_mixin.py:137} INFO - [2023-04-29T02:34:50.902+0000] {dag.py:2705} INFO - Sync 1 DAGs
[2023-04-29T02:34:50.925+0000] {logging_mixin.py:137} INFO - [2023-04-29T02:34:50.925+0000] {dag.py:3456} INFO - Setting next_dagrun for example_task_group to 2023-04-28T02:34:50.924828+00:00, run_after=2023-04-29T02:34:50.924828+00:00
[2023-04-29T02:34:50.941+0000] {processor.py:175} INFO - Processing /home/airflow/.local/lib/python3.7/site-packages/airflow/example_dags/example_task_group.py took 0.074 seconds
[2023-04-29T02:36:39.387+0000] {processor.py:153} INFO - Started process (PID=979) to work on /home/airflow/.local/lib/python3.7/site-packages/airflow/example_dags/example_task_group.py
[2023-04-29T02:36:39.388+0000] {processor.py:743} INFO - Processing file /home/airflow/.local/lib/python3.7/site-packages/airflow/example_dags/example_task_group.py for tasks to queue
[2023-04-29T02:36:39.388+0000] {logging_mixin.py:137} INFO - [2023-04-29T02:36:39.388+0000] {dagbag.py:532} INFO - Filling up the DagBag from /home/airflow/.local/lib/python3.7/site-packages/airflow/example_dags/example_task_group.py
[2023-04-29T02:36:39.398+0000] {processor.py:753} INFO - DAG(s) dict_keys(['example_task_group']) retrieved from /home/airflow/.local/lib/python3.7/site-packages/airflow/example_dags/example_task_group.py
[2023-04-29T02:36:39.420+0000] {logging_mixin.py:137} INFO - [2023-04-29T02:36:39.420+0000] {dag.py:2705} INFO - Sync 1 DAGs
[2023-04-29T02:36:39.438+0000] {logging_mixin.py:137} INFO - [2023-04-29T02:36:39.438+0000] {dag.py:3456} INFO - Setting next_dagrun for example_task_group to 2023-04-28T02:36:39.438531+00:00, run_after=2023-04-29T02:36:39.438531+00:00
[2023-04-29T02:36:39.457+0000] {processor.py:175} INFO - Processing /home/airflow/.local/lib/python3.7/site-packages/airflow/example_dags/example_task_group.py took 0.072 seconds
