[2023-04-29T02:34:20.473+0000] {processor.py:153} INFO - Started process (PID=867) to work on /home/airflow/.local/lib/python3.7/site-packages/airflow/example_dags/example_nested_branch_dag.py
[2023-04-29T02:34:20.473+0000] {processor.py:743} INFO - Processing file /home/airflow/.local/lib/python3.7/site-packages/airflow/example_dags/example_nested_branch_dag.py for tasks to queue
[2023-04-29T02:34:20.474+0000] {logging_mixin.py:137} INFO - [2023-04-29T02:34:20.474+0000] {dagbag.py:532} INFO - Filling up the DagBag from /home/airflow/.local/lib/python3.7/site-packages/airflow/example_dags/example_nested_branch_dag.py
[2023-04-29T02:34:20.487+0000] {processor.py:753} INFO - DAG(s) dict_keys(['example_nested_branch_dag']) retrieved from /home/airflow/.local/lib/python3.7/site-packages/airflow/example_dags/example_nested_branch_dag.py
[2023-04-29T02:34:20.505+0000] {logging_mixin.py:137} INFO - [2023-04-29T02:34:20.505+0000] {dag.py:2705} INFO - Sync 1 DAGs
[2023-04-29T02:34:20.521+0000] {logging_mixin.py:137} INFO - [2023-04-29T02:34:20.521+0000] {dag.py:3456} INFO - Setting next_dagrun for example_nested_branch_dag to 2023-04-28T00:00:00+00:00, run_after=2023-04-29T00:00:00+00:00
[2023-04-29T02:34:20.535+0000] {processor.py:175} INFO - Processing /home/airflow/.local/lib/python3.7/site-packages/airflow/example_dags/example_nested_branch_dag.py took 0.065 seconds
[2023-04-29T02:34:50.592+0000] {processor.py:153} INFO - Started process (PID=920) to work on /home/airflow/.local/lib/python3.7/site-packages/airflow/example_dags/example_nested_branch_dag.py
[2023-04-29T02:34:50.593+0000] {processor.py:743} INFO - Processing file /home/airflow/.local/lib/python3.7/site-packages/airflow/example_dags/example_nested_branch_dag.py for tasks to queue
[2023-04-29T02:34:50.593+0000] {logging_mixin.py:137} INFO - [2023-04-29T02:34:50.593+0000] {dagbag.py:532} INFO - Filling up the DagBag from /home/airflow/.local/lib/python3.7/site-packages/airflow/example_dags/example_nested_branch_dag.py
[2023-04-29T02:34:50.607+0000] {processor.py:753} INFO - DAG(s) dict_keys(['example_nested_branch_dag']) retrieved from /home/airflow/.local/lib/python3.7/site-packages/airflow/example_dags/example_nested_branch_dag.py
[2023-04-29T02:34:50.623+0000] {logging_mixin.py:137} INFO - [2023-04-29T02:34:50.623+0000] {dag.py:2705} INFO - Sync 1 DAGs
[2023-04-29T02:34:50.639+0000] {logging_mixin.py:137} INFO - [2023-04-29T02:34:50.639+0000] {dag.py:3456} INFO - Setting next_dagrun for example_nested_branch_dag to 2023-04-28T00:00:00+00:00, run_after=2023-04-29T00:00:00+00:00
[2023-04-29T02:34:50.654+0000] {processor.py:175} INFO - Processing /home/airflow/.local/lib/python3.7/site-packages/airflow/example_dags/example_nested_branch_dag.py took 0.063 seconds
[2023-04-29T02:36:39.164+0000] {processor.py:153} INFO - Started process (PID=975) to work on /home/airflow/.local/lib/python3.7/site-packages/airflow/example_dags/example_nested_branch_dag.py
[2023-04-29T02:36:39.164+0000] {processor.py:743} INFO - Processing file /home/airflow/.local/lib/python3.7/site-packages/airflow/example_dags/example_nested_branch_dag.py for tasks to queue
[2023-04-29T02:36:39.165+0000] {logging_mixin.py:137} INFO - [2023-04-29T02:36:39.164+0000] {dagbag.py:532} INFO - Filling up the DagBag from /home/airflow/.local/lib/python3.7/site-packages/airflow/example_dags/example_nested_branch_dag.py
[2023-04-29T02:36:39.186+0000] {processor.py:753} INFO - DAG(s) dict_keys(['example_nested_branch_dag']) retrieved from /home/airflow/.local/lib/python3.7/site-packages/airflow/example_dags/example_nested_branch_dag.py
[2023-04-29T02:36:39.209+0000] {logging_mixin.py:137} INFO - [2023-04-29T02:36:39.209+0000] {dag.py:2705} INFO - Sync 1 DAGs
[2023-04-29T02:36:39.235+0000] {logging_mixin.py:137} INFO - [2023-04-29T02:36:39.234+0000] {dag.py:3456} INFO - Setting next_dagrun for example_nested_branch_dag to 2023-04-28T00:00:00+00:00, run_after=2023-04-29T00:00:00+00:00
[2023-04-29T02:36:39.252+0000] {processor.py:175} INFO - Processing /home/airflow/.local/lib/python3.7/site-packages/airflow/example_dags/example_nested_branch_dag.py took 0.091 seconds
