[2023-04-29T02:34:19.575+0000] {processor.py:153} INFO - Started process (PID=852) to work on /home/airflow/.local/lib/python3.7/site-packages/airflow/example_dags/example_skip_dag.py
[2023-04-29T02:34:19.576+0000] {processor.py:743} INFO - Processing file /home/airflow/.local/lib/python3.7/site-packages/airflow/example_dags/example_skip_dag.py for tasks to queue
[2023-04-29T02:34:19.577+0000] {logging_mixin.py:137} INFO - [2023-04-29T02:34:19.577+0000] {dagbag.py:532} INFO - Filling up the DagBag from /home/airflow/.local/lib/python3.7/site-packages/airflow/example_dags/example_skip_dag.py
[2023-04-29T02:34:19.592+0000] {processor.py:753} INFO - DAG(s) dict_keys(['example_skip_dag']) retrieved from /home/airflow/.local/lib/python3.7/site-packages/airflow/example_dags/example_skip_dag.py
[2023-04-29T02:34:19.625+0000] {logging_mixin.py:137} INFO - [2023-04-29T02:34:19.625+0000] {dag.py:2705} INFO - Sync 1 DAGs
[2023-04-29T02:34:19.658+0000] {logging_mixin.py:137} INFO - [2023-04-29T02:34:19.657+0000] {dag.py:3456} INFO - Setting next_dagrun for example_skip_dag to 2023-04-28T02:34:19.657687+00:00, run_after=2023-04-29T02:34:19.657687+00:00
[2023-04-29T02:34:19.687+0000] {processor.py:175} INFO - Processing /home/airflow/.local/lib/python3.7/site-packages/airflow/example_dags/example_skip_dag.py took 0.115 seconds
[2023-04-29T02:34:49.932+0000] {processor.py:153} INFO - Started process (PID=906) to work on /home/airflow/.local/lib/python3.7/site-packages/airflow/example_dags/example_skip_dag.py
[2023-04-29T02:34:49.932+0000] {processor.py:743} INFO - Processing file /home/airflow/.local/lib/python3.7/site-packages/airflow/example_dags/example_skip_dag.py for tasks to queue
[2023-04-29T02:34:49.933+0000] {logging_mixin.py:137} INFO - [2023-04-29T02:34:49.933+0000] {dagbag.py:532} INFO - Filling up the DagBag from /home/airflow/.local/lib/python3.7/site-packages/airflow/example_dags/example_skip_dag.py
[2023-04-29T02:34:49.943+0000] {processor.py:753} INFO - DAG(s) dict_keys(['example_skip_dag']) retrieved from /home/airflow/.local/lib/python3.7/site-packages/airflow/example_dags/example_skip_dag.py
[2023-04-29T02:34:49.962+0000] {logging_mixin.py:137} INFO - [2023-04-29T02:34:49.962+0000] {dag.py:2705} INFO - Sync 1 DAGs
[2023-04-29T02:34:49.981+0000] {logging_mixin.py:137} INFO - [2023-04-29T02:34:49.981+0000] {dag.py:3456} INFO - Setting next_dagrun for example_skip_dag to 2023-04-28T02:34:49.981237+00:00, run_after=2023-04-29T02:34:49.981237+00:00
[2023-04-29T02:34:49.998+0000] {processor.py:175} INFO - Processing /home/airflow/.local/lib/python3.7/site-packages/airflow/example_dags/example_skip_dag.py took 0.069 seconds
[2023-04-29T02:36:38.437+0000] {processor.py:153} INFO - Started process (PID=960) to work on /home/airflow/.local/lib/python3.7/site-packages/airflow/example_dags/example_skip_dag.py
[2023-04-29T02:36:38.437+0000] {processor.py:743} INFO - Processing file /home/airflow/.local/lib/python3.7/site-packages/airflow/example_dags/example_skip_dag.py for tasks to queue
[2023-04-29T02:36:38.438+0000] {logging_mixin.py:137} INFO - [2023-04-29T02:36:38.438+0000] {dagbag.py:532} INFO - Filling up the DagBag from /home/airflow/.local/lib/python3.7/site-packages/airflow/example_dags/example_skip_dag.py
[2023-04-29T02:36:38.445+0000] {processor.py:753} INFO - DAG(s) dict_keys(['example_skip_dag']) retrieved from /home/airflow/.local/lib/python3.7/site-packages/airflow/example_dags/example_skip_dag.py
[2023-04-29T02:36:38.462+0000] {logging_mixin.py:137} INFO - [2023-04-29T02:36:38.462+0000] {dag.py:2705} INFO - Sync 1 DAGs
[2023-04-29T02:36:38.478+0000] {logging_mixin.py:137} INFO - [2023-04-29T02:36:38.478+0000] {dag.py:3456} INFO - Setting next_dagrun for example_skip_dag to 2023-04-28T02:36:38.477922+00:00, run_after=2023-04-29T02:36:38.477922+00:00
[2023-04-29T02:36:38.490+0000] {processor.py:175} INFO - Processing /home/airflow/.local/lib/python3.7/site-packages/airflow/example_dags/example_skip_dag.py took 0.054 seconds
