[2023-04-29T02:34:20.625+0000] {processor.py:153} INFO - Started process (PID=870) to work on /home/airflow/.local/lib/python3.7/site-packages/airflow/example_dags/example_sensors.py
[2023-04-29T02:34:20.625+0000] {processor.py:743} INFO - Processing file /home/airflow/.local/lib/python3.7/site-packages/airflow/example_dags/example_sensors.py for tasks to queue
[2023-04-29T02:34:20.625+0000] {logging_mixin.py:137} INFO - [2023-04-29T02:34:20.625+0000] {dagbag.py:532} INFO - Filling up the DagBag from /home/airflow/.local/lib/python3.7/site-packages/airflow/example_dags/example_sensors.py
[2023-04-29T02:34:20.636+0000] {processor.py:753} INFO - DAG(s) dict_keys(['example_sensors']) retrieved from /home/airflow/.local/lib/python3.7/site-packages/airflow/example_dags/example_sensors.py
[2023-04-29T02:34:20.655+0000] {logging_mixin.py:137} INFO - [2023-04-29T02:34:20.655+0000] {dag.py:2705} INFO - Sync 1 DAGs
[2023-04-29T02:34:20.669+0000] {logging_mixin.py:137} INFO - [2023-04-29T02:34:20.669+0000] {dag.py:3456} INFO - Setting next_dagrun for example_sensors to None, run_after=None
[2023-04-29T02:34:20.683+0000] {processor.py:175} INFO - Processing /home/airflow/.local/lib/python3.7/site-packages/airflow/example_dags/example_sensors.py took 0.060 seconds
[2023-04-29T02:34:50.793+0000] {processor.py:153} INFO - Started process (PID=924) to work on /home/airflow/.local/lib/python3.7/site-packages/airflow/example_dags/example_sensors.py
[2023-04-29T02:34:50.793+0000] {processor.py:743} INFO - Processing file /home/airflow/.local/lib/python3.7/site-packages/airflow/example_dags/example_sensors.py for tasks to queue
[2023-04-29T02:34:50.794+0000] {logging_mixin.py:137} INFO - [2023-04-29T02:34:50.793+0000] {dagbag.py:532} INFO - Filling up the DagBag from /home/airflow/.local/lib/python3.7/site-packages/airflow/example_dags/example_sensors.py
[2023-04-29T02:34:50.805+0000] {processor.py:753} INFO - DAG(s) dict_keys(['example_sensors']) retrieved from /home/airflow/.local/lib/python3.7/site-packages/airflow/example_dags/example_sensors.py
[2023-04-29T02:34:50.826+0000] {logging_mixin.py:137} INFO - [2023-04-29T02:34:50.826+0000] {dag.py:2705} INFO - Sync 1 DAGs
[2023-04-29T02:34:50.842+0000] {logging_mixin.py:137} INFO - [2023-04-29T02:34:50.842+0000] {dag.py:3456} INFO - Setting next_dagrun for example_sensors to None, run_after=None
[2023-04-29T02:34:50.856+0000] {processor.py:175} INFO - Processing /home/airflow/.local/lib/python3.7/site-packages/airflow/example_dags/example_sensors.py took 0.065 seconds
[2023-04-29T02:36:39.337+0000] {processor.py:153} INFO - Started process (PID=978) to work on /home/airflow/.local/lib/python3.7/site-packages/airflow/example_dags/example_sensors.py
[2023-04-29T02:36:39.337+0000] {processor.py:743} INFO - Processing file /home/airflow/.local/lib/python3.7/site-packages/airflow/example_dags/example_sensors.py for tasks to queue
[2023-04-29T02:36:39.338+0000] {logging_mixin.py:137} INFO - [2023-04-29T02:36:39.338+0000] {dagbag.py:532} INFO - Filling up the DagBag from /home/airflow/.local/lib/python3.7/site-packages/airflow/example_dags/example_sensors.py
[2023-04-29T02:36:39.349+0000] {processor.py:753} INFO - DAG(s) dict_keys(['example_sensors']) retrieved from /home/airflow/.local/lib/python3.7/site-packages/airflow/example_dags/example_sensors.py
[2023-04-29T02:36:39.371+0000] {logging_mixin.py:137} INFO - [2023-04-29T02:36:39.371+0000] {dag.py:2705} INFO - Sync 1 DAGs
[2023-04-29T02:36:39.396+0000] {logging_mixin.py:137} INFO - [2023-04-29T02:36:39.396+0000] {dag.py:3456} INFO - Setting next_dagrun for example_sensors to None, run_after=None
[2023-04-29T02:36:39.413+0000] {processor.py:175} INFO - Processing /home/airflow/.local/lib/python3.7/site-packages/airflow/example_dags/example_sensors.py took 0.078 seconds
