[2023-04-29T02:34:20.062+0000] {processor.py:153} INFO - Started process (PID=860) to work on /home/airflow/.local/lib/python3.7/site-packages/airflow/example_dags/example_latest_only.py
[2023-04-29T02:34:20.063+0000] {processor.py:743} INFO - Processing file /home/airflow/.local/lib/python3.7/site-packages/airflow/example_dags/example_latest_only.py for tasks to queue
[2023-04-29T02:34:20.063+0000] {logging_mixin.py:137} INFO - [2023-04-29T02:34:20.063+0000] {dagbag.py:532} INFO - Filling up the DagBag from /home/airflow/.local/lib/python3.7/site-packages/airflow/example_dags/example_latest_only.py
[2023-04-29T02:34:20.073+0000] {processor.py:753} INFO - DAG(s) dict_keys(['latest_only']) retrieved from /home/airflow/.local/lib/python3.7/site-packages/airflow/example_dags/example_latest_only.py
[2023-04-29T02:34:20.096+0000] {logging_mixin.py:137} INFO - [2023-04-29T02:34:20.096+0000] {dag.py:2705} INFO - Sync 1 DAGs
[2023-04-29T02:34:20.120+0000] {logging_mixin.py:137} INFO - [2023-04-29T02:34:20.120+0000] {dag.py:3456} INFO - Setting next_dagrun for latest_only to 2023-04-28T22:34:20.120393+00:00, run_after=2023-04-29T02:34:20.120393+00:00
[2023-04-29T02:34:20.144+0000] {processor.py:175} INFO - Processing /home/airflow/.local/lib/python3.7/site-packages/airflow/example_dags/example_latest_only.py took 0.084 seconds
[2023-04-29T02:34:50.288+0000] {processor.py:153} INFO - Started process (PID=914) to work on /home/airflow/.local/lib/python3.7/site-packages/airflow/example_dags/example_latest_only.py
[2023-04-29T02:34:50.289+0000] {processor.py:743} INFO - Processing file /home/airflow/.local/lib/python3.7/site-packages/airflow/example_dags/example_latest_only.py for tasks to queue
[2023-04-29T02:34:50.289+0000] {logging_mixin.py:137} INFO - [2023-04-29T02:34:50.289+0000] {dagbag.py:532} INFO - Filling up the DagBag from /home/airflow/.local/lib/python3.7/site-packages/airflow/example_dags/example_latest_only.py
[2023-04-29T02:34:50.297+0000] {processor.py:753} INFO - DAG(s) dict_keys(['latest_only']) retrieved from /home/airflow/.local/lib/python3.7/site-packages/airflow/example_dags/example_latest_only.py
[2023-04-29T02:34:50.311+0000] {logging_mixin.py:137} INFO - [2023-04-29T02:34:50.311+0000] {dag.py:2705} INFO - Sync 1 DAGs
[2023-04-29T02:34:50.330+0000] {logging_mixin.py:137} INFO - [2023-04-29T02:34:50.329+0000] {dag.py:3456} INFO - Setting next_dagrun for latest_only to 2023-04-28T22:34:50.329794+00:00, run_after=2023-04-29T02:34:50.329794+00:00
[2023-04-29T02:34:50.347+0000] {processor.py:175} INFO - Processing /home/airflow/.local/lib/python3.7/site-packages/airflow/example_dags/example_latest_only.py took 0.060 seconds
[2023-04-29T02:36:38.813+0000] {processor.py:153} INFO - Started process (PID=968) to work on /home/airflow/.local/lib/python3.7/site-packages/airflow/example_dags/example_latest_only.py
[2023-04-29T02:36:38.814+0000] {processor.py:743} INFO - Processing file /home/airflow/.local/lib/python3.7/site-packages/airflow/example_dags/example_latest_only.py for tasks to queue
[2023-04-29T02:36:38.814+0000] {logging_mixin.py:137} INFO - [2023-04-29T02:36:38.814+0000] {dagbag.py:532} INFO - Filling up the DagBag from /home/airflow/.local/lib/python3.7/site-packages/airflow/example_dags/example_latest_only.py
[2023-04-29T02:36:38.823+0000] {processor.py:753} INFO - DAG(s) dict_keys(['latest_only']) retrieved from /home/airflow/.local/lib/python3.7/site-packages/airflow/example_dags/example_latest_only.py
[2023-04-29T02:36:38.839+0000] {logging_mixin.py:137} INFO - [2023-04-29T02:36:38.839+0000] {dag.py:2705} INFO - Sync 1 DAGs
[2023-04-29T02:36:38.859+0000] {logging_mixin.py:137} INFO - [2023-04-29T02:36:38.859+0000] {dag.py:3456} INFO - Setting next_dagrun for latest_only to 2023-04-28T22:36:38.859181+00:00, run_after=2023-04-29T02:36:38.859181+00:00
[2023-04-29T02:36:38.875+0000] {processor.py:175} INFO - Processing /home/airflow/.local/lib/python3.7/site-packages/airflow/example_dags/example_latest_only.py took 0.063 seconds
