[2023-04-29T02:34:20.998+0000] {processor.py:153} INFO - Started process (PID=879) to work on /home/airflow/.local/lib/python3.7/site-packages/airflow/example_dags/example_sla_dag.py
[2023-04-29T02:34:20.998+0000] {processor.py:743} INFO - Processing file /home/airflow/.local/lib/python3.7/site-packages/airflow/example_dags/example_sla_dag.py for tasks to queue
[2023-04-29T02:34:20.998+0000] {logging_mixin.py:137} INFO - [2023-04-29T02:34:20.998+0000] {dagbag.py:532} INFO - Filling up the DagBag from /home/airflow/.local/lib/python3.7/site-packages/airflow/example_dags/example_sla_dag.py
[2023-04-29T02:34:21.011+0000] {processor.py:753} INFO - DAG(s) dict_keys(['example_sla_dag']) retrieved from /home/airflow/.local/lib/python3.7/site-packages/airflow/example_dags/example_sla_dag.py
[2023-04-29T02:34:21.028+0000] {logging_mixin.py:137} INFO - [2023-04-29T02:34:21.028+0000] {dag.py:2705} INFO - Sync 1 DAGs
[2023-04-29T02:34:21.045+0000] {logging_mixin.py:137} INFO - [2023-04-29T02:34:21.045+0000] {dag.py:3456} INFO - Setting next_dagrun for example_sla_dag to 2023-04-29T02:32:00+00:00, run_after=2023-04-29T02:34:00+00:00
[2023-04-29T02:34:21.058+0000] {processor.py:175} INFO - Processing /home/airflow/.local/lib/python3.7/site-packages/airflow/example_dags/example_sla_dag.py took 0.063 seconds
[2023-04-29T02:34:51.173+0000] {processor.py:153} INFO - Started process (PID=933) to work on /home/airflow/.local/lib/python3.7/site-packages/airflow/example_dags/example_sla_dag.py
[2023-04-29T02:34:51.174+0000] {processor.py:743} INFO - Processing file /home/airflow/.local/lib/python3.7/site-packages/airflow/example_dags/example_sla_dag.py for tasks to queue
[2023-04-29T02:34:51.174+0000] {logging_mixin.py:137} INFO - [2023-04-29T02:34:51.174+0000] {dagbag.py:532} INFO - Filling up the DagBag from /home/airflow/.local/lib/python3.7/site-packages/airflow/example_dags/example_sla_dag.py
[2023-04-29T02:34:51.193+0000] {processor.py:753} INFO - DAG(s) dict_keys(['example_sla_dag']) retrieved from /home/airflow/.local/lib/python3.7/site-packages/airflow/example_dags/example_sla_dag.py
[2023-04-29T02:34:51.209+0000] {logging_mixin.py:137} INFO - [2023-04-29T02:34:51.209+0000] {dag.py:2705} INFO - Sync 1 DAGs
[2023-04-29T02:34:51.225+0000] {logging_mixin.py:137} INFO - [2023-04-29T02:34:51.225+0000] {dag.py:3456} INFO - Setting next_dagrun for example_sla_dag to 2023-04-29T02:32:00+00:00, run_after=2023-04-29T02:34:00+00:00
[2023-04-29T02:34:51.238+0000] {processor.py:175} INFO - Processing /home/airflow/.local/lib/python3.7/site-packages/airflow/example_dags/example_sla_dag.py took 0.067 seconds
[2023-04-29T02:36:39.754+0000] {processor.py:153} INFO - Started process (PID=987) to work on /home/airflow/.local/lib/python3.7/site-packages/airflow/example_dags/example_sla_dag.py
[2023-04-29T02:36:39.755+0000] {processor.py:743} INFO - Processing file /home/airflow/.local/lib/python3.7/site-packages/airflow/example_dags/example_sla_dag.py for tasks to queue
[2023-04-29T02:36:39.755+0000] {logging_mixin.py:137} INFO - [2023-04-29T02:36:39.755+0000] {dagbag.py:532} INFO - Filling up the DagBag from /home/airflow/.local/lib/python3.7/site-packages/airflow/example_dags/example_sla_dag.py
[2023-04-29T02:36:39.776+0000] {processor.py:753} INFO - DAG(s) dict_keys(['example_sla_dag']) retrieved from /home/airflow/.local/lib/python3.7/site-packages/airflow/example_dags/example_sla_dag.py
[2023-04-29T02:36:39.797+0000] {logging_mixin.py:137} INFO - [2023-04-29T02:36:39.797+0000] {dag.py:2705} INFO - Sync 1 DAGs
[2023-04-29T02:36:39.823+0000] {logging_mixin.py:137} INFO - [2023-04-29T02:36:39.823+0000] {dag.py:3456} INFO - Setting next_dagrun for example_sla_dag to 2023-04-29T02:34:00+00:00, run_after=2023-04-29T02:36:00+00:00
[2023-04-29T02:36:39.843+0000] {processor.py:175} INFO - Processing /home/airflow/.local/lib/python3.7/site-packages/airflow/example_dags/example_sla_dag.py took 0.091 seconds
