[2023-04-29T02:34:19.439+0000] {processor.py:153} INFO - Started process (PID=850) to work on /home/airflow/.local/lib/python3.7/site-packages/airflow/example_dags/example_complex.py
[2023-04-29T02:34:19.439+0000] {processor.py:743} INFO - Processing file /home/airflow/.local/lib/python3.7/site-packages/airflow/example_dags/example_complex.py for tasks to queue
[2023-04-29T02:34:19.440+0000] {logging_mixin.py:137} INFO - [2023-04-29T02:34:19.440+0000] {dagbag.py:532} INFO - Filling up the DagBag from /home/airflow/.local/lib/python3.7/site-packages/airflow/example_dags/example_complex.py
[2023-04-29T02:34:19.454+0000] {logging_mixin.py:137} INFO - [2023-04-29T02:34:19.453+0000] {taskmixin.py:211} WARNING - Dependency <Task(BashOperator): create_entry_group>, delete_entry_group already registered for DAG: example_complex
[2023-04-29T02:34:19.454+0000] {logging_mixin.py:137} INFO - [2023-04-29T02:34:19.454+0000] {taskmixin.py:211} WARNING - Dependency <Task(BashOperator): delete_entry_group>, create_entry_group already registered for DAG: example_complex
[2023-04-29T02:34:19.454+0000] {logging_mixin.py:137} INFO - [2023-04-29T02:34:19.454+0000] {taskmixin.py:211} WARNING - Dependency <Task(BashOperator): create_entry_gcs>, delete_entry already registered for DAG: example_complex
[2023-04-29T02:34:19.454+0000] {logging_mixin.py:137} INFO - [2023-04-29T02:34:19.454+0000] {taskmixin.py:211} WARNING - Dependency <Task(BashOperator): delete_entry>, create_entry_gcs already registered for DAG: example_complex
[2023-04-29T02:34:19.455+0000] {logging_mixin.py:137} INFO - [2023-04-29T02:34:19.455+0000] {taskmixin.py:211} WARNING - Dependency <Task(BashOperator): create_tag>, delete_tag already registered for DAG: example_complex
[2023-04-29T02:34:19.455+0000] {logging_mixin.py:137} INFO - [2023-04-29T02:34:19.455+0000] {taskmixin.py:211} WARNING - Dependency <Task(BashOperator): delete_tag>, create_tag already registered for DAG: example_complex
[2023-04-29T02:34:19.464+0000] {processor.py:753} INFO - DAG(s) dict_keys(['example_complex']) retrieved from /home/airflow/.local/lib/python3.7/site-packages/airflow/example_dags/example_complex.py
[2023-04-29T02:34:19.504+0000] {logging_mixin.py:137} INFO - [2023-04-29T02:34:19.504+0000] {dag.py:2705} INFO - Sync 1 DAGs
[2023-04-29T02:34:19.533+0000] {logging_mixin.py:137} INFO - [2023-04-29T02:34:19.533+0000] {dag.py:3456} INFO - Setting next_dagrun for example_complex to None, run_after=None
[2023-04-29T02:34:19.556+0000] {processor.py:175} INFO - Processing /home/airflow/.local/lib/python3.7/site-packages/airflow/example_dags/example_complex.py took 0.121 seconds
[2023-04-29T02:34:49.846+0000] {processor.py:153} INFO - Started process (PID=904) to work on /home/airflow/.local/lib/python3.7/site-packages/airflow/example_dags/example_complex.py
[2023-04-29T02:34:49.847+0000] {processor.py:743} INFO - Processing file /home/airflow/.local/lib/python3.7/site-packages/airflow/example_dags/example_complex.py for tasks to queue
[2023-04-29T02:34:49.847+0000] {logging_mixin.py:137} INFO - [2023-04-29T02:34:49.847+0000] {dagbag.py:532} INFO - Filling up the DagBag from /home/airflow/.local/lib/python3.7/site-packages/airflow/example_dags/example_complex.py
[2023-04-29T02:34:49.853+0000] {logging_mixin.py:137} INFO - [2023-04-29T02:34:49.853+0000] {taskmixin.py:211} WARNING - Dependency <Task(BashOperator): create_entry_group>, delete_entry_group already registered for DAG: example_complex
[2023-04-29T02:34:49.854+0000] {logging_mixin.py:137} INFO - [2023-04-29T02:34:49.854+0000] {taskmixin.py:211} WARNING - Dependency <Task(BashOperator): delete_entry_group>, create_entry_group already registered for DAG: example_complex
[2023-04-29T02:34:49.854+0000] {logging_mixin.py:137} INFO - [2023-04-29T02:34:49.854+0000] {taskmixin.py:211} WARNING - Dependency <Task(BashOperator): create_entry_gcs>, delete_entry already registered for DAG: example_complex
[2023-04-29T02:34:49.854+0000] {logging_mixin.py:137} INFO - [2023-04-29T02:34:49.854+0000] {taskmixin.py:211} WARNING - Dependency <Task(BashOperator): delete_entry>, create_entry_gcs already registered for DAG: example_complex
[2023-04-29T02:34:49.854+0000] {logging_mixin.py:137} INFO - [2023-04-29T02:34:49.854+0000] {taskmixin.py:211} WARNING - Dependency <Task(BashOperator): create_tag>, delete_tag already registered for DAG: example_complex
[2023-04-29T02:34:49.854+0000] {logging_mixin.py:137} INFO - [2023-04-29T02:34:49.854+0000] {taskmixin.py:211} WARNING - Dependency <Task(BashOperator): delete_tag>, create_tag already registered for DAG: example_complex
[2023-04-29T02:34:49.858+0000] {processor.py:753} INFO - DAG(s) dict_keys(['example_complex']) retrieved from /home/airflow/.local/lib/python3.7/site-packages/airflow/example_dags/example_complex.py
[2023-04-29T02:34:49.883+0000] {logging_mixin.py:137} INFO - [2023-04-29T02:34:49.883+0000] {dag.py:2705} INFO - Sync 1 DAGs
[2023-04-29T02:34:49.900+0000] {logging_mixin.py:137} INFO - [2023-04-29T02:34:49.900+0000] {dag.py:3456} INFO - Setting next_dagrun for example_complex to None, run_after=None
[2023-04-29T02:34:49.917+0000] {processor.py:175} INFO - Processing /home/airflow/.local/lib/python3.7/site-packages/airflow/example_dags/example_complex.py took 0.072 seconds
[2023-04-29T02:36:38.366+0000] {processor.py:153} INFO - Started process (PID=958) to work on /home/airflow/.local/lib/python3.7/site-packages/airflow/example_dags/example_complex.py
[2023-04-29T02:36:38.366+0000] {processor.py:743} INFO - Processing file /home/airflow/.local/lib/python3.7/site-packages/airflow/example_dags/example_complex.py for tasks to queue
[2023-04-29T02:36:38.367+0000] {logging_mixin.py:137} INFO - [2023-04-29T02:36:38.367+0000] {dagbag.py:532} INFO - Filling up the DagBag from /home/airflow/.local/lib/python3.7/site-packages/airflow/example_dags/example_complex.py
[2023-04-29T02:36:38.372+0000] {logging_mixin.py:137} INFO - [2023-04-29T02:36:38.372+0000] {taskmixin.py:211} WARNING - Dependency <Task(BashOperator): create_entry_group>, delete_entry_group already registered for DAG: example_complex
[2023-04-29T02:36:38.372+0000] {logging_mixin.py:137} INFO - [2023-04-29T02:36:38.372+0000] {taskmixin.py:211} WARNING - Dependency <Task(BashOperator): delete_entry_group>, create_entry_group already registered for DAG: example_complex
[2023-04-29T02:36:38.372+0000] {logging_mixin.py:137} INFO - [2023-04-29T02:36:38.372+0000] {taskmixin.py:211} WARNING - Dependency <Task(BashOperator): create_entry_gcs>, delete_entry already registered for DAG: example_complex
[2023-04-29T02:36:38.372+0000] {logging_mixin.py:137} INFO - [2023-04-29T02:36:38.372+0000] {taskmixin.py:211} WARNING - Dependency <Task(BashOperator): delete_entry>, create_entry_gcs already registered for DAG: example_complex
[2023-04-29T02:36:38.373+0000] {logging_mixin.py:137} INFO - [2023-04-29T02:36:38.373+0000] {taskmixin.py:211} WARNING - Dependency <Task(BashOperator): create_tag>, delete_tag already registered for DAG: example_complex
[2023-04-29T02:36:38.373+0000] {logging_mixin.py:137} INFO - [2023-04-29T02:36:38.373+0000] {taskmixin.py:211} WARNING - Dependency <Task(BashOperator): delete_tag>, create_tag already registered for DAG: example_complex
[2023-04-29T02:36:38.376+0000] {processor.py:753} INFO - DAG(s) dict_keys(['example_complex']) retrieved from /home/airflow/.local/lib/python3.7/site-packages/airflow/example_dags/example_complex.py
[2023-04-29T02:36:38.397+0000] {logging_mixin.py:137} INFO - [2023-04-29T02:36:38.397+0000] {dag.py:2705} INFO - Sync 1 DAGs
[2023-04-29T02:36:38.412+0000] {logging_mixin.py:137} INFO - [2023-04-29T02:36:38.412+0000] {dag.py:3456} INFO - Setting next_dagrun for example_complex to None, run_after=None
[2023-04-29T02:36:38.423+0000] {processor.py:175} INFO - Processing /home/airflow/.local/lib/python3.7/site-packages/airflow/example_dags/example_complex.py took 0.059 seconds
