[2023-04-29T02:34:19.616+0000] {processor.py:153} INFO - Started process (PID=853) to work on /home/airflow/.local/lib/python3.7/site-packages/airflow/example_dags/example_bash_operator.py
[2023-04-29T02:34:19.617+0000] {processor.py:743} INFO - Processing file /home/airflow/.local/lib/python3.7/site-packages/airflow/example_dags/example_bash_operator.py for tasks to queue
[2023-04-29T02:34:19.617+0000] {logging_mixin.py:137} INFO - [2023-04-29T02:34:19.617+0000] {dagbag.py:532} INFO - Filling up the DagBag from /home/airflow/.local/lib/python3.7/site-packages/airflow/example_dags/example_bash_operator.py
[2023-04-29T02:34:19.636+0000] {processor.py:753} INFO - DAG(s) dict_keys(['example_bash_operator']) retrieved from /home/airflow/.local/lib/python3.7/site-packages/airflow/example_dags/example_bash_operator.py
[2023-04-29T02:34:19.667+0000] {logging_mixin.py:137} INFO - [2023-04-29T02:34:19.667+0000] {dag.py:2705} INFO - Sync 1 DAGs
[2023-04-29T02:34:19.699+0000] {logging_mixin.py:137} INFO - [2023-04-29T02:34:19.699+0000] {dag.py:3456} INFO - Setting next_dagrun for example_bash_operator to 2023-04-28T00:00:00+00:00, run_after=2023-04-29T00:00:00+00:00
[2023-04-29T02:34:19.726+0000] {processor.py:175} INFO - Processing /home/airflow/.local/lib/python3.7/site-packages/airflow/example_dags/example_bash_operator.py took 0.113 seconds
[2023-04-29T02:34:49.974+0000] {processor.py:153} INFO - Started process (PID=907) to work on /home/airflow/.local/lib/python3.7/site-packages/airflow/example_dags/example_bash_operator.py
[2023-04-29T02:34:49.975+0000] {processor.py:743} INFO - Processing file /home/airflow/.local/lib/python3.7/site-packages/airflow/example_dags/example_bash_operator.py for tasks to queue
[2023-04-29T02:34:49.975+0000] {logging_mixin.py:137} INFO - [2023-04-29T02:34:49.975+0000] {dagbag.py:532} INFO - Filling up the DagBag from /home/airflow/.local/lib/python3.7/site-packages/airflow/example_dags/example_bash_operator.py
[2023-04-29T02:34:49.989+0000] {processor.py:753} INFO - DAG(s) dict_keys(['example_bash_operator']) retrieved from /home/airflow/.local/lib/python3.7/site-packages/airflow/example_dags/example_bash_operator.py
[2023-04-29T02:34:50.021+0000] {logging_mixin.py:137} INFO - [2023-04-29T02:34:50.020+0000] {dag.py:2705} INFO - Sync 1 DAGs
[2023-04-29T02:34:50.041+0000] {logging_mixin.py:137} INFO - [2023-04-29T02:34:50.041+0000] {dag.py:3456} INFO - Setting next_dagrun for example_bash_operator to 2023-04-28T00:00:00+00:00, run_after=2023-04-29T00:00:00+00:00
[2023-04-29T02:34:50.054+0000] {processor.py:175} INFO - Processing /home/airflow/.local/lib/python3.7/site-packages/airflow/example_dags/example_bash_operator.py took 0.083 seconds
[2023-04-29T02:36:38.501+0000] {processor.py:153} INFO - Started process (PID=961) to work on /home/airflow/.local/lib/python3.7/site-packages/airflow/example_dags/example_bash_operator.py
[2023-04-29T02:36:38.502+0000] {processor.py:743} INFO - Processing file /home/airflow/.local/lib/python3.7/site-packages/airflow/example_dags/example_bash_operator.py for tasks to queue
[2023-04-29T02:36:38.502+0000] {logging_mixin.py:137} INFO - [2023-04-29T02:36:38.502+0000] {dagbag.py:532} INFO - Filling up the DagBag from /home/airflow/.local/lib/python3.7/site-packages/airflow/example_dags/example_bash_operator.py
[2023-04-29T02:36:38.513+0000] {processor.py:753} INFO - DAG(s) dict_keys(['example_bash_operator']) retrieved from /home/airflow/.local/lib/python3.7/site-packages/airflow/example_dags/example_bash_operator.py
[2023-04-29T02:36:38.534+0000] {logging_mixin.py:137} INFO - [2023-04-29T02:36:38.534+0000] {dag.py:2705} INFO - Sync 1 DAGs
[2023-04-29T02:36:38.549+0000] {logging_mixin.py:137} INFO - [2023-04-29T02:36:38.549+0000] {dag.py:3456} INFO - Setting next_dagrun for example_bash_operator to 2023-04-28T00:00:00+00:00, run_after=2023-04-29T00:00:00+00:00
[2023-04-29T02:36:38.560+0000] {processor.py:175} INFO - Processing /home/airflow/.local/lib/python3.7/site-packages/airflow/example_dags/example_bash_operator.py took 0.060 seconds
