[2023-04-29T02:34:21.210+0000] {processor.py:153} INFO - Started process (PID=885) to work on /home/airflow/.local/lib/python3.7/site-packages/airflow/example_dags/example_latest_only_with_trigger.py
[2023-04-29T02:34:21.211+0000] {processor.py:743} INFO - Processing file /home/airflow/.local/lib/python3.7/site-packages/airflow/example_dags/example_latest_only_with_trigger.py for tasks to queue
[2023-04-29T02:34:21.211+0000] {logging_mixin.py:137} INFO - [2023-04-29T02:34:21.211+0000] {dagbag.py:532} INFO - Filling up the DagBag from /home/airflow/.local/lib/python3.7/site-packages/airflow/example_dags/example_latest_only_with_trigger.py
[2023-04-29T02:34:21.218+0000] {processor.py:753} INFO - DAG(s) dict_keys(['latest_only_with_trigger']) retrieved from /home/airflow/.local/lib/python3.7/site-packages/airflow/example_dags/example_latest_only_with_trigger.py
[2023-04-29T02:34:21.236+0000] {logging_mixin.py:137} INFO - [2023-04-29T02:34:21.236+0000] {dag.py:2705} INFO - Sync 1 DAGs
[2023-04-29T02:34:21.252+0000] {logging_mixin.py:137} INFO - [2023-04-29T02:34:21.252+0000] {dag.py:3456} INFO - Setting next_dagrun for latest_only_with_trigger to 2023-04-28T22:34:21.252250+00:00, run_after=2023-04-29T02:34:21.252250+00:00
[2023-04-29T02:34:21.266+0000] {processor.py:175} INFO - Processing /home/airflow/.local/lib/python3.7/site-packages/airflow/example_dags/example_latest_only_with_trigger.py took 0.057 seconds
[2023-04-29T02:34:51.453+0000] {processor.py:153} INFO - Started process (PID=939) to work on /home/airflow/.local/lib/python3.7/site-packages/airflow/example_dags/example_latest_only_with_trigger.py
[2023-04-29T02:34:51.454+0000] {processor.py:743} INFO - Processing file /home/airflow/.local/lib/python3.7/site-packages/airflow/example_dags/example_latest_only_with_trigger.py for tasks to queue
[2023-04-29T02:34:51.454+0000] {logging_mixin.py:137} INFO - [2023-04-29T02:34:51.454+0000] {dagbag.py:532} INFO - Filling up the DagBag from /home/airflow/.local/lib/python3.7/site-packages/airflow/example_dags/example_latest_only_with_trigger.py
[2023-04-29T02:34:51.462+0000] {processor.py:753} INFO - DAG(s) dict_keys(['latest_only_with_trigger']) retrieved from /home/airflow/.local/lib/python3.7/site-packages/airflow/example_dags/example_latest_only_with_trigger.py
[2023-04-29T02:34:51.476+0000] {logging_mixin.py:137} INFO - [2023-04-29T02:34:51.476+0000] {dag.py:2705} INFO - Sync 1 DAGs
[2023-04-29T02:34:51.492+0000] {logging_mixin.py:137} INFO - [2023-04-29T02:34:51.492+0000] {dag.py:3456} INFO - Setting next_dagrun for latest_only_with_trigger to 2023-04-28T22:34:51.492255+00:00, run_after=2023-04-29T02:34:51.492255+00:00
[2023-04-29T02:34:51.508+0000] {processor.py:175} INFO - Processing /home/airflow/.local/lib/python3.7/site-packages/airflow/example_dags/example_latest_only_with_trigger.py took 0.057 seconds
[2023-04-29T02:36:40.016+0000] {processor.py:153} INFO - Started process (PID=993) to work on /home/airflow/.local/lib/python3.7/site-packages/airflow/example_dags/example_latest_only_with_trigger.py
[2023-04-29T02:36:40.017+0000] {processor.py:743} INFO - Processing file /home/airflow/.local/lib/python3.7/site-packages/airflow/example_dags/example_latest_only_with_trigger.py for tasks to queue
[2023-04-29T02:36:40.017+0000] {logging_mixin.py:137} INFO - [2023-04-29T02:36:40.017+0000] {dagbag.py:532} INFO - Filling up the DagBag from /home/airflow/.local/lib/python3.7/site-packages/airflow/example_dags/example_latest_only_with_trigger.py
[2023-04-29T02:36:40.027+0000] {processor.py:753} INFO - DAG(s) dict_keys(['latest_only_with_trigger']) retrieved from /home/airflow/.local/lib/python3.7/site-packages/airflow/example_dags/example_latest_only_with_trigger.py
[2023-04-29T02:36:40.044+0000] {logging_mixin.py:137} INFO - [2023-04-29T02:36:40.044+0000] {dag.py:2705} INFO - Sync 1 DAGs
[2023-04-29T02:36:40.061+0000] {logging_mixin.py:137} INFO - [2023-04-29T02:36:40.061+0000] {dag.py:3456} INFO - Setting next_dagrun for latest_only_with_trigger to 2023-04-28T22:36:40.061352+00:00, run_after=2023-04-29T02:36:40.061352+00:00
[2023-04-29T02:36:40.077+0000] {processor.py:175} INFO - Processing /home/airflow/.local/lib/python3.7/site-packages/airflow/example_dags/example_latest_only_with_trigger.py took 0.063 seconds
