[2023-04-29T02:34:19.274+0000] {processor.py:153} INFO - Started process (PID=848) to work on /home/airflow/.local/lib/python3.7/site-packages/airflow/example_dags/tutorial_dag.py
[2023-04-29T02:34:19.274+0000] {processor.py:743} INFO - Processing file /home/airflow/.local/lib/python3.7/site-packages/airflow/example_dags/tutorial_dag.py for tasks to queue
[2023-04-29T02:34:19.275+0000] {logging_mixin.py:137} INFO - [2023-04-29T02:34:19.274+0000] {dagbag.py:532} INFO - Filling up the DagBag from /home/airflow/.local/lib/python3.7/site-packages/airflow/example_dags/tutorial_dag.py
[2023-04-29T02:34:19.286+0000] {processor.py:753} INFO - DAG(s) dict_keys(['tutorial_dag']) retrieved from /home/airflow/.local/lib/python3.7/site-packages/airflow/example_dags/tutorial_dag.py
[2023-04-29T02:34:19.305+0000] {logging_mixin.py:137} INFO - [2023-04-29T02:34:19.304+0000] {dag.py:2705} INFO - Sync 1 DAGs
[2023-04-29T02:34:19.330+0000] {logging_mixin.py:137} INFO - [2023-04-29T02:34:19.329+0000] {dag.py:3456} INFO - Setting next_dagrun for tutorial_dag to None, run_after=None
[2023-04-29T02:34:19.354+0000] {processor.py:175} INFO - Processing /home/airflow/.local/lib/python3.7/site-packages/airflow/example_dags/tutorial_dag.py took 0.082 seconds
[2023-04-29T02:34:49.723+0000] {processor.py:153} INFO - Started process (PID=902) to work on /home/airflow/.local/lib/python3.7/site-packages/airflow/example_dags/tutorial_dag.py
[2023-04-29T02:34:49.724+0000] {processor.py:743} INFO - Processing file /home/airflow/.local/lib/python3.7/site-packages/airflow/example_dags/tutorial_dag.py for tasks to queue
[2023-04-29T02:34:49.724+0000] {logging_mixin.py:137} INFO - [2023-04-29T02:34:49.724+0000] {dagbag.py:532} INFO - Filling up the DagBag from /home/airflow/.local/lib/python3.7/site-packages/airflow/example_dags/tutorial_dag.py
[2023-04-29T02:34:49.735+0000] {processor.py:753} INFO - DAG(s) dict_keys(['tutorial_dag']) retrieved from /home/airflow/.local/lib/python3.7/site-packages/airflow/example_dags/tutorial_dag.py
[2023-04-29T02:34:49.758+0000] {logging_mixin.py:137} INFO - [2023-04-29T02:34:49.758+0000] {dag.py:2705} INFO - Sync 1 DAGs
[2023-04-29T02:34:49.779+0000] {logging_mixin.py:137} INFO - [2023-04-29T02:34:49.779+0000] {dag.py:3456} INFO - Setting next_dagrun for tutorial_dag to None, run_after=None
[2023-04-29T02:34:49.796+0000] {processor.py:175} INFO - Processing /home/airflow/.local/lib/python3.7/site-packages/airflow/example_dags/tutorial_dag.py took 0.075 seconds
[2023-04-29T02:36:38.194+0000] {processor.py:153} INFO - Started process (PID=956) to work on /home/airflow/.local/lib/python3.7/site-packages/airflow/example_dags/tutorial_dag.py
[2023-04-29T02:36:38.194+0000] {processor.py:743} INFO - Processing file /home/airflow/.local/lib/python3.7/site-packages/airflow/example_dags/tutorial_dag.py for tasks to queue
[2023-04-29T02:36:38.195+0000] {logging_mixin.py:137} INFO - [2023-04-29T02:36:38.195+0000] {dagbag.py:532} INFO - Filling up the DagBag from /home/airflow/.local/lib/python3.7/site-packages/airflow/example_dags/tutorial_dag.py
[2023-04-29T02:36:38.205+0000] {processor.py:753} INFO - DAG(s) dict_keys(['tutorial_dag']) retrieved from /home/airflow/.local/lib/python3.7/site-packages/airflow/example_dags/tutorial_dag.py
[2023-04-29T02:36:38.226+0000] {logging_mixin.py:137} INFO - [2023-04-29T02:36:38.226+0000] {dag.py:2705} INFO - Sync 1 DAGs
[2023-04-29T02:36:38.248+0000] {logging_mixin.py:137} INFO - [2023-04-29T02:36:38.248+0000] {dag.py:3456} INFO - Setting next_dagrun for tutorial_dag to None, run_after=None
[2023-04-29T02:36:38.267+0000] {processor.py:175} INFO - Processing /home/airflow/.local/lib/python3.7/site-packages/airflow/example_dags/tutorial_dag.py took 0.076 seconds
