[2023-04-28T09:39:08.694+0000] {taskinstance.py:1090} INFO - Dependencies all met for dep_context=non-requeueable deps ti=<TaskInstance: youtube.bulk_insert manual__2023-04-28T09:39:05.516028+00:00 [queued]>
[2023-04-28T09:39:08.700+0000] {taskinstance.py:1090} INFO - Dependencies all met for dep_context=requeueable deps ti=<TaskInstance: youtube.bulk_insert manual__2023-04-28T09:39:05.516028+00:00 [queued]>
[2023-04-28T09:39:08.701+0000] {taskinstance.py:1288} INFO - 
--------------------------------------------------------------------------------
[2023-04-28T09:39:08.701+0000] {taskinstance.py:1289} INFO - Starting attempt 1 of 1
[2023-04-28T09:39:08.701+0000] {taskinstance.py:1290} INFO - 
--------------------------------------------------------------------------------
[2023-04-28T09:39:08.713+0000] {taskinstance.py:1309} INFO - Executing <Task(_PythonDecoratedOperator): bulk_insert> on 2023-04-28 09:39:05.516028+00:00
[2023-04-28T09:39:08.716+0000] {standard_task_runner.py:55} INFO - Started process 24506 to run task
[2023-04-28T09:39:08.719+0000] {standard_task_runner.py:82} INFO - Running: ['***', 'tasks', 'run', 'youtube', 'bulk_insert', 'manual__2023-04-28T09:39:05.516028+00:00', '--job-id', '60', '--raw', '--subdir', 'DAGS_FOLDER/youtube.py', '--cfg-path', '/tmp/tmpkby7i7_4']
[2023-04-28T09:39:08.719+0000] {standard_task_runner.py:83} INFO - Job 60: Subtask bulk_insert
[2023-04-28T09:39:08.763+0000] {task_command.py:389} INFO - Running <TaskInstance: youtube.bulk_insert manual__2023-04-28T09:39:05.516028+00:00 [running]> on host 9e6433510ba5
[2023-04-28T09:39:08.814+0000] {taskinstance.py:1518} INFO - Exporting the following env vars:
AIRFLOW_CTX_DAG_OWNER=***
AIRFLOW_CTX_DAG_ID=youtube
AIRFLOW_CTX_TASK_ID=bulk_insert
AIRFLOW_CTX_EXECUTION_DATE=2023-04-28T09:39:05.516028+00:00
AIRFLOW_CTX_TRY_NUMBER=1
AIRFLOW_CTX_DAG_RUN_ID=manual__2023-04-28T09:39:05.516028+00:00
[2023-04-28T09:39:08.822+0000] {base.py:271} INFO - POST http://172.17.0.1:9200/_bulk [status:200 request:0.006s]
[2023-04-28T09:39:08.822+0000] {logging_mixin.py:137} INFO - {'took': 3, 'errors': False, 'items': [{'create': {'_index': 'test_comments', '_id': 'WO47x4cBGt0wKJF5DWeS', '_version': 1, 'result': 'created', '_shards': {'total': 2, 'successful': 1, 'failed': 0}, '_seq_no': 1, '_primary_term': 1, 'status': 201}}]}
[2023-04-28T09:39:08.822+0000] {python.py:177} INFO - Done. Returned value was: None
[2023-04-28T09:39:08.829+0000] {taskinstance.py:1332} INFO - Marking task as SUCCESS. dag_id=youtube, task_id=bulk_insert, execution_date=20230428T093905, start_date=20230428T093908, end_date=20230428T093908
[2023-04-28T09:39:08.851+0000] {local_task_job.py:212} INFO - Task exited with return code 0
[2023-04-28T09:39:08.862+0000] {taskinstance.py:2596} INFO - 0 downstream tasks scheduled from follow-on schedule check
