[2023-04-28T01:52:48.111+0000] {taskinstance.py:1090} INFO - Dependencies all met for dep_context=non-requeueable deps ti=<TaskInstance: youtube.fetch_comments manual__2023-04-28T01:52:47.444511+00:00 [queued]>
[2023-04-28T01:52:48.117+0000] {taskinstance.py:1090} INFO - Dependencies all met for dep_context=requeueable deps ti=<TaskInstance: youtube.fetch_comments manual__2023-04-28T01:52:47.444511+00:00 [queued]>
[2023-04-28T01:52:48.117+0000] {taskinstance.py:1288} INFO - 
--------------------------------------------------------------------------------
[2023-04-28T01:52:48.118+0000] {taskinstance.py:1289} INFO - Starting attempt 1 of 1
[2023-04-28T01:52:48.118+0000] {taskinstance.py:1290} INFO - 
--------------------------------------------------------------------------------
[2023-04-28T01:52:48.127+0000] {taskinstance.py:1309} INFO - Executing <Task(_PythonDecoratedOperator): fetch_comments> on 2023-04-28 01:52:47.444511+00:00
[2023-04-28T01:52:48.133+0000] {standard_task_runner.py:55} INFO - Started process 8032 to run task
[2023-04-28T01:52:48.135+0000] {standard_task_runner.py:82} INFO - Running: ['***', 'tasks', 'run', 'youtube', 'fetch_comments', 'manual__2023-04-28T01:52:47.444511+00:00', '--job-id', '19', '--raw', '--subdir', 'DAGS_FOLDER/youtube.py', '--cfg-path', '/tmp/tmp87rv5y8g']
[2023-04-28T01:52:48.135+0000] {standard_task_runner.py:83} INFO - Job 19: Subtask fetch_comments
[2023-04-28T01:52:48.186+0000] {task_command.py:389} INFO - Running <TaskInstance: youtube.fetch_comments manual__2023-04-28T01:52:47.444511+00:00 [running]> on host 9e6433510ba5
[2023-04-28T01:52:48.236+0000] {taskinstance.py:1518} INFO - Exporting the following env vars:
AIRFLOW_CTX_DAG_OWNER=***
AIRFLOW_CTX_DAG_ID=youtube
AIRFLOW_CTX_TASK_ID=fetch_comments
AIRFLOW_CTX_EXECUTION_DATE=2023-04-28T01:52:47.444511+00:00
AIRFLOW_CTX_TRY_NUMBER=1
AIRFLOW_CTX_DAG_RUN_ID=manual__2023-04-28T01:52:47.444511+00:00
[2023-04-28T01:52:48.545+0000] {fetch_comments.py:41} INFO - Fetched 1 comments of video ZOfPPHcAa7E
[2023-04-28T01:52:48.546+0000] {python.py:177} INFO - Done. Returned value was:                            id  ...            updated_at
0  UgyNPSeSnE20TQ3Nxzx4AaABAg  ...  2021-10-15T18:22:36Z

[1 rows x 8 columns]
[2023-04-28T01:52:48.561+0000] {xcom.py:635} ERROR - Object of type DataFrame is not JSON serializable. If you are using pickle instead of JSON for XCom, then you need to enable pickle support for XCom in your *** config or make sure to decorate your object with attr.
[2023-04-28T01:52:48.562+0000] {taskinstance.py:1776} ERROR - Task failed with exception
Traceback (most recent call last):
  File "/home/airflow/.local/lib/python3.7/site-packages/airflow/utils/session.py", line 72, in wrapper
    return func(*args, **kwargs)
  File "/home/airflow/.local/lib/python3.7/site-packages/airflow/models/taskinstance.py", line 2305, in xcom_push
    session=session,
  File "/home/airflow/.local/lib/python3.7/site-packages/airflow/utils/session.py", line 72, in wrapper
    return func(*args, **kwargs)
  File "/home/airflow/.local/lib/python3.7/site-packages/airflow/models/xcom.py", line 240, in set
    map_index=map_index,
  File "/home/airflow/.local/lib/python3.7/site-packages/airflow/models/xcom.py", line 627, in serialize_value
    return json.dumps(value, cls=XComEncoder).encode("UTF-8")
  File "/usr/local/lib/python3.7/json/__init__.py", line 238, in dumps
    **kw).encode(obj)
  File "/home/airflow/.local/lib/python3.7/site-packages/airflow/utils/json.py", line 176, in encode
    return super().encode(o)
  File "/usr/local/lib/python3.7/json/encoder.py", line 199, in encode
    chunks = self.iterencode(o, _one_shot=True)
  File "/usr/local/lib/python3.7/json/encoder.py", line 257, in iterencode
    return _iterencode(o, 0)
  File "/home/airflow/.local/lib/python3.7/site-packages/airflow/utils/json.py", line 170, in default
    return super().default(o)
  File "/usr/local/lib/python3.7/json/encoder.py", line 179, in default
    raise TypeError(f'Object of type {o.__class__.__name__} '
TypeError: Object of type DataFrame is not JSON serializable
[2023-04-28T01:52:48.568+0000] {taskinstance.py:1332} INFO - Marking task as FAILED. dag_id=youtube, task_id=fetch_comments, execution_date=20230428T015247, start_date=20230428T015248, end_date=20230428T015248
[2023-04-28T01:52:48.578+0000] {standard_task_runner.py:105} ERROR - Failed to execute job 19 for task fetch_comments (Object of type DataFrame is not JSON serializable; 8032)
[2023-04-28T01:52:48.588+0000] {local_task_job.py:212} INFO - Task exited with return code 1
[2023-04-28T01:52:48.600+0000] {taskinstance.py:2596} INFO - 0 downstream tasks scheduled from follow-on schedule check
