[2023-04-28T09:34:01.171+0000] {taskinstance.py:1090} INFO - Dependencies all met for dep_context=non-requeueable deps ti=<TaskInstance: youtube.bulk_insert manual__2023-04-28T09:33:57.906516+00:00 [queued]>
[2023-04-28T09:34:01.177+0000] {taskinstance.py:1090} INFO - Dependencies all met for dep_context=requeueable deps ti=<TaskInstance: youtube.bulk_insert manual__2023-04-28T09:33:57.906516+00:00 [queued]>
[2023-04-28T09:34:01.177+0000] {taskinstance.py:1288} INFO - 
--------------------------------------------------------------------------------
[2023-04-28T09:34:01.177+0000] {taskinstance.py:1289} INFO - Starting attempt 1 of 1
[2023-04-28T09:34:01.177+0000] {taskinstance.py:1290} INFO - 
--------------------------------------------------------------------------------
[2023-04-28T09:34:01.187+0000] {taskinstance.py:1309} INFO - Executing <Task(_PythonDecoratedOperator): bulk_insert> on 2023-04-28 09:33:57.906516+00:00
[2023-04-28T09:34:01.191+0000] {standard_task_runner.py:55} INFO - Started process 24276 to run task
[2023-04-28T09:34:01.192+0000] {standard_task_runner.py:82} INFO - Running: ['***', 'tasks', 'run', 'youtube', 'bulk_insert', 'manual__2023-04-28T09:33:57.906516+00:00', '--job-id', '50', '--raw', '--subdir', 'DAGS_FOLDER/youtube.py', '--cfg-path', '/tmp/tmp16f_7y45']
[2023-04-28T09:34:01.193+0000] {standard_task_runner.py:83} INFO - Job 50: Subtask bulk_insert
[2023-04-28T09:34:01.243+0000] {task_command.py:389} INFO - Running <TaskInstance: youtube.bulk_insert manual__2023-04-28T09:33:57.906516+00:00 [running]> on host 9e6433510ba5
[2023-04-28T09:34:01.296+0000] {taskinstance.py:1518} INFO - Exporting the following env vars:
AIRFLOW_CTX_DAG_OWNER=***
AIRFLOW_CTX_DAG_ID=youtube
AIRFLOW_CTX_TASK_ID=bulk_insert
AIRFLOW_CTX_EXECUTION_DATE=2023-04-28T09:33:57.906516+00:00
AIRFLOW_CTX_TRY_NUMBER=1
AIRFLOW_CTX_DAG_RUN_ID=manual__2023-04-28T09:33:57.906516+00:00
[2023-04-28T09:34:01.298+0000] {logging_mixin.py:137} INFO - [{"id": "UgyNPSeSnE20TQ3Nxzx4AaABAg", "videoId": "ZOfPPHcAa7E", "content": "This is the sequel to The Rocketeer that we will never get from Disney, it certainly comes closer to the pulp adventure genre than every other MCU flick. Joe Johnston always had a penchant for films with that old time adventure quality, under a better regime he would have been the go-director for Star Wars and Indiana Jones.", "author_name": "Oscar Stainton", "author_profile_image_url": "https://yt3.ggpht.com/ytc/AGIKgqMKtVXTRL4oamWmReegrtI1kp_gkvuleTgePkizMg=s48-c-k-c0x00ffffff-no-rj", "like_count": 172, "published_at": "2021-10-15T18:22:36Z", "updated_at": "2021-10-15T18:22:36Z"}]
[2023-04-28T09:34:01.298+0000] {taskinstance.py:1776} ERROR - Task failed with exception
Traceback (most recent call last):
  File "/home/airflow/.local/lib/python3.7/site-packages/airflow/decorators/base.py", line 217, in execute
    return_value = super().execute(context)
  File "/home/airflow/.local/lib/python3.7/site-packages/airflow/operators/python.py", line 175, in execute
    return_value = self.execute_callable()
  File "/home/airflow/.local/lib/python3.7/site-packages/airflow/operators/python.py", line 192, in execute_callable
    return self.python_callable(*self.op_args, **self.op_kwargs)
  File "/opt/airflow/dags/tasks/store_comments.py", line 15, in bulk_insert
    json_docs = json.load(docs)
  File "/usr/local/lib/python3.7/json/__init__.py", line 293, in load
    return loads(fp.read(),
AttributeError: 'str' object has no attribute 'read'
[2023-04-28T09:34:01.305+0000] {taskinstance.py:1332} INFO - Marking task as FAILED. dag_id=youtube, task_id=bulk_insert, execution_date=20230428T093357, start_date=20230428T093401, end_date=20230428T093401
[2023-04-28T09:34:01.314+0000] {standard_task_runner.py:105} ERROR - Failed to execute job 50 for task bulk_insert ('str' object has no attribute 'read'; 24276)
[2023-04-28T09:34:01.324+0000] {local_task_job.py:212} INFO - Task exited with return code 1
[2023-04-28T09:34:01.337+0000] {taskinstance.py:2596} INFO - 0 downstream tasks scheduled from follow-on schedule check
