[2023-04-29T02:34:19.031+0000] {processor.py:153} INFO - Started process (PID=845) to work on /opt/airflow/dags/task_flow.py
[2023-04-29T02:34:19.031+0000] {processor.py:743} INFO - Processing file /opt/airflow/dags/task_flow.py for tasks to queue
[2023-04-29T02:34:19.032+0000] {logging_mixin.py:137} INFO - [2023-04-29T02:34:19.032+0000] {dagbag.py:532} INFO - Filling up the DagBag from /opt/airflow/dags/task_flow.py
[2023-04-29T02:34:19.051+0000] {processor.py:753} INFO - DAG(s) dict_keys(['tutorial_taskflow_api2']) retrieved from /opt/airflow/dags/task_flow.py
[2023-04-29T02:34:19.116+0000] {logging_mixin.py:137} INFO - [2023-04-29T02:34:19.116+0000] {dag.py:2705} INFO - Sync 1 DAGs
[2023-04-29T02:34:19.145+0000] {logging_mixin.py:137} INFO - [2023-04-29T02:34:19.145+0000] {dag.py:3456} INFO - Setting next_dagrun for tutorial_taskflow_api2 to None, run_after=None
[2023-04-29T02:34:19.164+0000] {processor.py:175} INFO - Processing /opt/airflow/dags/task_flow.py took 0.135 seconds
[2023-04-29T02:34:49.550+0000] {processor.py:153} INFO - Started process (PID=899) to work on /opt/airflow/dags/task_flow.py
[2023-04-29T02:34:49.551+0000] {processor.py:743} INFO - Processing file /opt/airflow/dags/task_flow.py for tasks to queue
[2023-04-29T02:34:49.551+0000] {logging_mixin.py:137} INFO - [2023-04-29T02:34:49.551+0000] {dagbag.py:532} INFO - Filling up the DagBag from /opt/airflow/dags/task_flow.py
[2023-04-29T02:34:49.568+0000] {processor.py:753} INFO - DAG(s) dict_keys(['tutorial_taskflow_api2']) retrieved from /opt/airflow/dags/task_flow.py
[2023-04-29T02:34:49.591+0000] {logging_mixin.py:137} INFO - [2023-04-29T02:34:49.591+0000] {dag.py:2705} INFO - Sync 1 DAGs
[2023-04-29T02:34:49.611+0000] {logging_mixin.py:137} INFO - [2023-04-29T02:34:49.611+0000] {dag.py:3456} INFO - Setting next_dagrun for tutorial_taskflow_api2 to None, run_after=None
[2023-04-29T02:34:49.627+0000] {processor.py:175} INFO - Processing /opt/airflow/dags/task_flow.py took 0.079 seconds
[2023-04-29T02:36:38.012+0000] {processor.py:153} INFO - Started process (PID=953) to work on /opt/airflow/dags/task_flow.py
[2023-04-29T02:36:38.013+0000] {processor.py:743} INFO - Processing file /opt/airflow/dags/task_flow.py for tasks to queue
[2023-04-29T02:36:38.013+0000] {logging_mixin.py:137} INFO - [2023-04-29T02:36:38.013+0000] {dagbag.py:532} INFO - Filling up the DagBag from /opt/airflow/dags/task_flow.py
[2023-04-29T02:36:38.025+0000] {processor.py:753} INFO - DAG(s) dict_keys(['tutorial_taskflow_api2']) retrieved from /opt/airflow/dags/task_flow.py
[2023-04-29T02:36:38.044+0000] {logging_mixin.py:137} INFO - [2023-04-29T02:36:38.044+0000] {dag.py:2705} INFO - Sync 1 DAGs
[2023-04-29T02:36:38.059+0000] {logging_mixin.py:137} INFO - [2023-04-29T02:36:38.059+0000] {dag.py:3456} INFO - Setting next_dagrun for tutorial_taskflow_api2 to None, run_after=None
[2023-04-29T02:36:38.071+0000] {processor.py:175} INFO - Processing /opt/airflow/dags/task_flow.py took 0.061 seconds
