[2023-04-29T02:34:19.027+0000] {processor.py:153} INFO - Started process (PID=844) to work on /opt/airflow/dags/youtube.py
[2023-04-29T02:34:19.028+0000] {processor.py:743} INFO - Processing file /opt/airflow/dags/youtube.py for tasks to queue
[2023-04-29T02:34:19.029+0000] {logging_mixin.py:137} INFO - [2023-04-29T02:34:19.028+0000] {dagbag.py:532} INFO - Filling up the DagBag from /opt/airflow/dags/youtube.py
[2023-04-29T02:34:19.332+0000] {processor.py:753} INFO - DAG(s) dict_keys(['youtube']) retrieved from /opt/airflow/dags/youtube.py
[2023-04-29T02:34:19.356+0000] {logging_mixin.py:137} INFO - [2023-04-29T02:34:19.355+0000] {dag.py:2705} INFO - Sync 1 DAGs
[2023-04-29T02:34:19.385+0000] {logging_mixin.py:137} INFO - [2023-04-29T02:34:19.385+0000] {dag.py:3456} INFO - Setting next_dagrun for youtube to None, run_after=None
[2023-04-29T02:34:19.409+0000] {processor.py:175} INFO - Processing /opt/airflow/dags/youtube.py took 0.384 seconds
[2023-04-29T02:34:49.547+0000] {processor.py:153} INFO - Started process (PID=898) to work on /opt/airflow/dags/youtube.py
[2023-04-29T02:34:49.550+0000] {processor.py:743} INFO - Processing file /opt/airflow/dags/youtube.py for tasks to queue
[2023-04-29T02:34:49.551+0000] {logging_mixin.py:137} INFO - [2023-04-29T02:34:49.551+0000] {dagbag.py:532} INFO - Filling up the DagBag from /opt/airflow/dags/youtube.py
[2023-04-29T02:34:49.784+0000] {processor.py:753} INFO - DAG(s) dict_keys(['youtube']) retrieved from /opt/airflow/dags/youtube.py
[2023-04-29T02:34:49.797+0000] {logging_mixin.py:137} INFO - [2023-04-29T02:34:49.797+0000] {dag.py:2705} INFO - Sync 1 DAGs
[2023-04-29T02:34:49.815+0000] {logging_mixin.py:137} INFO - [2023-04-29T02:34:49.815+0000] {dag.py:3456} INFO - Setting next_dagrun for youtube to None, run_after=None
[2023-04-29T02:34:49.829+0000] {processor.py:175} INFO - Processing /opt/airflow/dags/youtube.py took 0.284 seconds
[2023-04-29T02:36:38.012+0000] {processor.py:153} INFO - Started process (PID=952) to work on /opt/airflow/dags/youtube.py
[2023-04-29T02:36:38.013+0000] {processor.py:743} INFO - Processing file /opt/airflow/dags/youtube.py for tasks to queue
[2023-04-29T02:36:38.014+0000] {logging_mixin.py:137} INFO - [2023-04-29T02:36:38.014+0000] {dagbag.py:532} INFO - Filling up the DagBag from /opt/airflow/dags/youtube.py
[2023-04-29T02:36:38.307+0000] {processor.py:753} INFO - DAG(s) dict_keys(['youtube']) retrieved from /opt/airflow/dags/youtube.py
[2023-04-29T02:36:38.321+0000] {logging_mixin.py:137} INFO - [2023-04-29T02:36:38.321+0000] {dag.py:2705} INFO - Sync 1 DAGs
[2023-04-29T02:36:38.336+0000] {logging_mixin.py:137} INFO - [2023-04-29T02:36:38.336+0000] {dag.py:3456} INFO - Setting next_dagrun for youtube to None, run_after=None
[2023-04-29T02:36:38.349+0000] {processor.py:175} INFO - Processing /opt/airflow/dags/youtube.py took 0.341 seconds
